TpTrace Verbose: 0 : 8484, 1, 2021/08/19, 10:52:47.233, 12684437154545, vstest.console.dll, Version: 16.10.0
TpTrace Information: 0 : 8484, 1, 2021/08/19, 10:52:47.245, 12684437258829, vstest.console.dll, FilePatternParser: The given file E:\.Net Workspace\Koch\Conversion\Conversion.Tests\bin\Debug\netcoreapp3.1\fine-code-coverage\build-output\Conversion.Tests.dll is a full path.
TpTrace Verbose: 0 : 8484, 1, 2021/08/19, 10:52:47.257, 12684437375997, vstest.console.dll, TestPluginCache.DiscoverTestExtensions: finding test extensions in assemblies ends with: RuntimeProvider.dll TPluginInfo: Microsoft.VisualStudio.TestPlatform.Common.ExtensionFramework.Utilities.TestRuntimePluginInformation TExtension: Microsoft.VisualStudio.TestPlatform.ObjectModel.Host.ITestRuntimeProvider
TpTrace Verbose: 0 : 8484, 1, 2021/08/19, 10:52:47.738, 12684442184812, vstest.console.dll, TestPluginCache.GetExtensionPaths: Filtered extension paths: 
TpTrace Verbose: 0 : 8484, 1, 2021/08/19, 10:52:47.738, 12684442188967, vstest.console.dll, TestPluginCache.GetExtensionPaths: Added default extension paths: C:\Program Files\dotnet\sdk\5.0.302\Extensions\Microsoft.Diagnostics.NETCore.Client.dll
C:\Program Files\dotnet\sdk\5.0.302\Extensions\Microsoft.TestPlatform.Extensions.BlameDataCollector.dll
C:\Program Files\dotnet\sdk\5.0.302\Extensions\Microsoft.TestPlatform.Extensions.EventLogCollector.dll
C:\Program Files\dotnet\sdk\5.0.302\Extensions\Microsoft.TestPlatform.TestHostRuntimeProvider.dll
C:\Program Files\dotnet\sdk\5.0.302\Extensions\Microsoft.VisualStudio.TestPlatform.Extensions.Html.TestLogger.dll
C:\Program Files\dotnet\sdk\5.0.302\Extensions\Microsoft.VisualStudio.TestPlatform.Extensions.Trx.TestLogger.dll
TpTrace Verbose: 0 : 8484, 1, 2021/08/19, 10:52:47.738, 12684442190732, vstest.console.dll, TestPluginCache.GetExtensionPaths: Added unfilterableExtensionPaths: 
TpTrace Information: 0 : 8484, 1, 2021/08/19, 10:52:47.741, 12684442213254, vstest.console.dll, AssemblyResolver.ctor: Creating AssemblyResolver with searchDirectories C:\Program Files\dotnet\sdk\5.0.302\Extensions,C:\Program Files\dotnet\sdk\5.0.302
TpTrace Verbose: 0 : 8484, 1, 2021/08/19, 10:52:47.745, 12684442254511, vstest.console.dll, TestPluginCache.DiscoverTestExtensions: Discovering the extensions using extension path.
TpTrace Verbose: 0 : 8484, 1, 2021/08/19, 10:52:47.745, 12684442258241, vstest.console.dll, TestPluginCache.GetExtensionPaths: Filtered extension paths: 
TpTrace Verbose: 0 : 8484, 1, 2021/08/19, 10:52:47.745, 12684442259474, vstest.console.dll, TestPluginCache.GetExtensionPaths: Added default extension paths: C:\Program Files\dotnet\sdk\5.0.302\Extensions\Microsoft.Diagnostics.NETCore.Client.dll
C:\Program Files\dotnet\sdk\5.0.302\Extensions\Microsoft.TestPlatform.Extensions.BlameDataCollector.dll
C:\Program Files\dotnet\sdk\5.0.302\Extensions\Microsoft.TestPlatform.Extensions.EventLogCollector.dll
C:\Program Files\dotnet\sdk\5.0.302\Extensions\Microsoft.TestPlatform.TestHostRuntimeProvider.dll
C:\Program Files\dotnet\sdk\5.0.302\Extensions\Microsoft.VisualStudio.TestPlatform.Extensions.Html.TestLogger.dll
C:\Program Files\dotnet\sdk\5.0.302\Extensions\Microsoft.VisualStudio.TestPlatform.Extensions.Trx.TestLogger.dll
TpTrace Verbose: 0 : 8484, 1, 2021/08/19, 10:52:47.745, 12684442260469, vstest.console.dll, TestPluginCache.GetExtensionPaths: Added unfilterableExtensionPaths: 
TpTrace Verbose: 0 : 8484, 1, 2021/08/19, 10:52:47.745, 12684442262756, vstest.console.dll, TestPluginCache.DiscoverTestExtensions: Discovering the extensions using allExtensionPaths: C:\Program Files\dotnet\sdk\5.0.302\Extensions\Microsoft.Diagnostics.NETCore.Client.dll
C:\Program Files\dotnet\sdk\5.0.302\Extensions\Microsoft.TestPlatform.Extensions.BlameDataCollector.dll
C:\Program Files\dotnet\sdk\5.0.302\Extensions\Microsoft.TestPlatform.Extensions.EventLogCollector.dll
C:\Program Files\dotnet\sdk\5.0.302\Extensions\Microsoft.TestPlatform.TestHostRuntimeProvider.dll
C:\Program Files\dotnet\sdk\5.0.302\Extensions\Microsoft.VisualStudio.TestPlatform.Extensions.Html.TestLogger.dll
C:\Program Files\dotnet\sdk\5.0.302\Extensions\Microsoft.VisualStudio.TestPlatform.Extensions.Trx.TestLogger.dll
TpTrace Information: 0 : 8484, 1, 2021/08/19, 10:52:47.746, 12684442266727, vstest.console.dll, AssemblyResolver.AddSearchDirectories: Adding more searchDirectories C:\Program Files\dotnet\sdk\5.0.302\Extensions,C:\Program Files\dotnet\sdk\5.0.302
TpTrace Information: 0 : 8484, 1, 2021/08/19, 10:52:47.746, 12684442268286, vstest.console.dll, AssemblyResolver.AddSearchDirectories: Adding more searchDirectories C:\Program Files\dotnet\sdk\5.0.302\Extensions,C:\Program Files\dotnet\sdk\5.0.302
TpTrace Information: 0 : 8484, 1, 2021/08/19, 10:52:47.746, 12684442269520, vstest.console.dll, AssemblyResolver.AddSearchDirectories: Adding more searchDirectories C:\Program Files\dotnet\sdk\5.0.302\Extensions,C:\Program Files\dotnet\sdk\5.0.302
TpTrace Information: 0 : 8484, 1, 2021/08/19, 10:52:47.746, 12684442270448, vstest.console.dll, AssemblyResolver.AddSearchDirectories: Adding more searchDirectories C:\Program Files\dotnet\sdk\5.0.302\Extensions,C:\Program Files\dotnet\sdk\5.0.302
TpTrace Information: 0 : 8484, 1, 2021/08/19, 10:52:47.746, 12684442271272, vstest.console.dll, AssemblyResolver.AddSearchDirectories: Adding more searchDirectories C:\Program Files\dotnet\sdk\5.0.302\Extensions,C:\Program Files\dotnet\sdk\5.0.302
TpTrace Information: 0 : 8484, 1, 2021/08/19, 10:52:47.746, 12684442272226, vstest.console.dll, AssemblyResolver.AddSearchDirectories: Adding more searchDirectories C:\Program Files\dotnet\sdk\5.0.302\Extensions,C:\Program Files\dotnet\sdk\5.0.302
TpTrace Information: 0 : 8484, 1, 2021/08/19, 10:52:47.747, 12684442280626, vstest.console.dll, AssemblyResolver.OnResolve: Microsoft.Diagnostics.NETCore.Client: Resolving assembly.
TpTrace Information: 0 : 8484, 1, 2021/08/19, 10:52:47.747, 12684442282144, vstest.console.dll, AssemblyResolver.OnResolve: Microsoft.Diagnostics.NETCore.Client: Searching in: 'C:\Program Files\dotnet\sdk\5.0.302\Extensions'.
TpTrace Information: 0 : 8484, 1, 2021/08/19, 10:52:47.748, 12684442290440, vstest.console.dll, AssemblyResolver.OnResolve: Microsoft.Diagnostics.NETCore.Client: Loading assembly 'C:\Program Files\dotnet\sdk\5.0.302\Extensions\Microsoft.Diagnostics.NETCore.Client.dll'.
TpTrace Information: 0 : 8484, 1, 2021/08/19, 10:52:47.750, 12684442303385, vstest.console.dll, AssemblyResolver.OnResolve: Resolved assembly: Microsoft.Diagnostics.NETCore.Client, from path: C:\Program Files\dotnet\sdk\5.0.302\Extensions\Microsoft.Diagnostics.NETCore.Client.dll
TpTrace Information: 0 : 8484, 1, 2021/08/19, 10:52:47.756, 12684442368103, vstest.console.dll, AssemblyResolver.OnResolve: Microsoft.Bcl.AsyncInterfaces: Resolving assembly.
TpTrace Information: 0 : 8484, 1, 2021/08/19, 10:52:47.756, 12684442369520, vstest.console.dll, AssemblyResolver.OnResolve: Microsoft.Bcl.AsyncInterfaces: Searching in: 'C:\Program Files\dotnet\sdk\5.0.302\Extensions'.
TpTrace Information: 0 : 8484, 1, 2021/08/19, 10:52:47.756, 12684442370954, vstest.console.dll, AssemblyResolver.OnResolve: Microsoft.Bcl.AsyncInterfaces: Assembly path does not exist: 'C:\Program Files\dotnet\sdk\5.0.302\Extensions\Microsoft.Bcl.AsyncInterfaces.dll', returning.
TpTrace Information: 0 : 8484, 1, 2021/08/19, 10:52:47.756, 12684442372114, vstest.console.dll, AssemblyResolver.OnResolve: Microsoft.Bcl.AsyncInterfaces: Assembly path does not exist: 'C:\Program Files\dotnet\sdk\5.0.302\Extensions\Microsoft.Bcl.AsyncInterfaces.exe', returning.
TpTrace Information: 0 : 8484, 1, 2021/08/19, 10:52:47.756, 12684442372708, vstest.console.dll, AssemblyResolver.OnResolve: Microsoft.Bcl.AsyncInterfaces: Searching in: 'C:\Program Files\dotnet\sdk\5.0.302'.
TpTrace Information: 0 : 8484, 1, 2021/08/19, 10:52:47.757, 12684442373894, vstest.console.dll, AssemblyResolver.OnResolve: Microsoft.Bcl.AsyncInterfaces: Assembly path does not exist: 'C:\Program Files\dotnet\sdk\5.0.302\Microsoft.Bcl.AsyncInterfaces.dll', returning.
TpTrace Information: 0 : 8484, 1, 2021/08/19, 10:52:47.757, 12684442374967, vstest.console.dll, AssemblyResolver.OnResolve: Microsoft.Bcl.AsyncInterfaces: Assembly path does not exist: 'C:\Program Files\dotnet\sdk\5.0.302\Microsoft.Bcl.AsyncInterfaces.exe', returning.
TpTrace Information: 0 : 8484, 1, 2021/08/19, 10:52:47.757, 12684442376110, vstest.console.dll, AssemblyResolver.OnResolve: Microsoft.Bcl.AsyncInterfaces: Failed to load assembly.
TpTrace Verbose: 0 : 8484, 1, 2021/08/19, 10:52:47.757, 12684442376825, vstest.console.dll, CurrentDomainAssemblyResolve: Resolving assembly 'Microsoft.Bcl.AsyncInterfaces'.
TpTrace Information: 0 : 8484, 1, 2021/08/19, 10:52:47.757, 12684442377869, vstest.console.dll, AssemblyResolver.OnResolve: Microsoft.Bcl.AsyncInterfaces: Resolving assembly.
TpTrace Information: 0 : 8484, 1, 2021/08/19, 10:52:47.757, 12684442378544, vstest.console.dll, AssemblyResolver.OnResolve: Microsoft.Bcl.AsyncInterfaces: Resolved from cache.
TpTrace Verbose: 0 : 8484, 1, 2021/08/19, 10:52:47.757, 12684442379325, vstest.console.dll, CurrentDomainAssemblyResolve: Resolving assembly 'Microsoft.Bcl.AsyncInterfaces'.
TpTrace Verbose: 0 : 8484, 1, 2021/08/19, 10:52:47.757, 12684442379920, vstest.console.dll, CurrentDomainAssemblyResolve: Failed to resolve assembly 'Microsoft.Bcl.AsyncInterfaces'.
TpTrace Verbose: 0 : 8484, 1, 2021/08/19, 10:52:47.758, 12684442390329, vstest.console.dll, CurrentDomainAssemblyResolve: Failed to resolve assembly 'Microsoft.Bcl.AsyncInterfaces'.
TpTrace Warning: 0 : 8484, 1, 2021/08/19, 10:52:47.779, 12684442598448, vstest.console.dll, TestPluginDiscoverer: Failed to get types from assembly 'Microsoft.Diagnostics.NETCore.Client, Version=0.2.2.41902, Culture=neutral, PublicKeyToken=31bf3856ad364e35'.  Skipping test extension scan for this assembly.  Error: System.Reflection.ReflectionTypeLoadException: Unable to load one or more of the requested types.
Could not load file or assembly 'Microsoft.Bcl.AsyncInterfaces, Version=1.0.0.0, Culture=neutral, PublicKeyToken=cc7b13ffcd2ddd51'. The system cannot find the file specified.
   at System.Reflection.RuntimeModule.GetTypes(RuntimeModule module)
   at System.Reflection.RuntimeModule.GetTypes()
   at System.Reflection.Assembly.GetTypes()
   at Microsoft.VisualStudio.TestPlatform.Common.ExtensionFramework.TestPluginDiscoverer.GetTestExtensionsFromAssembly[TPluginInfo,TExtension](Assembly assembly, Dictionary`2 pluginInfos)
System.IO.FileNotFoundException: Could not load file or assembly 'Microsoft.Bcl.AsyncInterfaces, Version=1.0.0.0, Culture=neutral, PublicKeyToken=cc7b13ffcd2ddd51'. The system cannot find the file specified.
File name: 'Microsoft.Bcl.AsyncInterfaces, Version=1.0.0.0, Culture=neutral, PublicKeyToken=cc7b13ffcd2ddd51'
TpTrace Warning: 0 : 8484, 1, 2021/08/19, 10:52:47.779, 12684442599859, vstest.console.dll, LoaderExceptions: System.IO.FileNotFoundException: Could not load file or assembly 'Microsoft.Bcl.AsyncInterfaces, Version=1.0.0.0, Culture=neutral, PublicKeyToken=cc7b13ffcd2ddd51'. The system cannot find the file specified.
File name: 'Microsoft.Bcl.AsyncInterfaces, Version=1.0.0.0, Culture=neutral, PublicKeyToken=cc7b13ffcd2ddd51'
TpTrace Information: 0 : 8484, 1, 2021/08/19, 10:52:47.779, 12684442601245, vstest.console.dll, AssemblyResolver.OnResolve: Microsoft.TestPlatform.Extensions.BlameDataCollector: Resolving assembly.
TpTrace Information: 0 : 8484, 1, 2021/08/19, 10:52:47.779, 12684442601794, vstest.console.dll, AssemblyResolver.OnResolve: Microsoft.TestPlatform.Extensions.BlameDataCollector: Searching in: 'C:\Program Files\dotnet\sdk\5.0.302\Extensions'.
TpTrace Information: 0 : 8484, 1, 2021/08/19, 10:52:47.780, 12684442605198, vstest.console.dll, AssemblyResolver.OnResolve: Microsoft.TestPlatform.Extensions.BlameDataCollector: Loading assembly 'C:\Program Files\dotnet\sdk\5.0.302\Extensions\Microsoft.TestPlatform.Extensions.BlameDataCollector.dll'.
TpTrace Information: 0 : 8484, 1, 2021/08/19, 10:52:47.781, 12684442613134, vstest.console.dll, AssemblyResolver.OnResolve: Resolved assembly: Microsoft.TestPlatform.Extensions.BlameDataCollector, from path: C:\Program Files\dotnet\sdk\5.0.302\Extensions\Microsoft.TestPlatform.Extensions.BlameDataCollector.dll
TpTrace Information: 0 : 8484, 1, 2021/08/19, 10:52:47.781, 12684442622554, vstest.console.dll, AssemblyResolver.OnResolve: Microsoft.TestPlatform.Extensions.EventLogCollector: Resolving assembly.
TpTrace Information: 0 : 8484, 1, 2021/08/19, 10:52:47.782, 12684442623616, vstest.console.dll, AssemblyResolver.OnResolve: Microsoft.TestPlatform.Extensions.EventLogCollector: Searching in: 'C:\Program Files\dotnet\sdk\5.0.302\Extensions'.
TpTrace Information: 0 : 8484, 1, 2021/08/19, 10:52:47.782, 12684442628268, vstest.console.dll, AssemblyResolver.OnResolve: Microsoft.TestPlatform.Extensions.EventLogCollector: Loading assembly 'C:\Program Files\dotnet\sdk\5.0.302\Extensions\Microsoft.TestPlatform.Extensions.EventLogCollector.dll'.
TpTrace Information: 0 : 8484, 1, 2021/08/19, 10:52:47.783, 12684442635812, vstest.console.dll, AssemblyResolver.OnResolve: Resolved assembly: Microsoft.TestPlatform.Extensions.EventLogCollector, from path: C:\Program Files\dotnet\sdk\5.0.302\Extensions\Microsoft.TestPlatform.Extensions.EventLogCollector.dll
TpTrace Information: 0 : 8484, 1, 2021/08/19, 10:52:47.787, 12684442680077, vstest.console.dll, AssemblyResolver.OnResolve: Microsoft.TestPlatform.TestHostRuntimeProvider: Resolving assembly.
TpTrace Information: 0 : 8484, 1, 2021/08/19, 10:52:47.787, 12684442681163, vstest.console.dll, AssemblyResolver.OnResolve: Microsoft.TestPlatform.TestHostRuntimeProvider: Searching in: 'C:\Program Files\dotnet\sdk\5.0.302\Extensions'.
TpTrace Information: 0 : 8484, 1, 2021/08/19, 10:52:47.788, 12684442684289, vstest.console.dll, AssemblyResolver.OnResolve: Microsoft.TestPlatform.TestHostRuntimeProvider: Loading assembly 'C:\Program Files\dotnet\sdk\5.0.302\Extensions\Microsoft.TestPlatform.TestHostRuntimeProvider.dll'.
TpTrace Information: 0 : 8484, 1, 2021/08/19, 10:52:47.788, 12684442691056, vstest.console.dll, AssemblyResolver.OnResolve: Resolved assembly: Microsoft.TestPlatform.TestHostRuntimeProvider, from path: C:\Program Files\dotnet\sdk\5.0.302\Extensions\Microsoft.TestPlatform.TestHostRuntimeProvider.dll
TpTrace Information: 0 : 8484, 1, 2021/08/19, 10:52:47.790, 12684442708432, vstest.console.dll, AssemblyResolver.OnResolve: Microsoft.VisualStudio.TestPlatform.Extensions.Html.TestLogger: Resolving assembly.
TpTrace Information: 0 : 8484, 1, 2021/08/19, 10:52:47.790, 12684442709849, vstest.console.dll, AssemblyResolver.OnResolve: Microsoft.VisualStudio.TestPlatform.Extensions.Html.TestLogger: Searching in: 'C:\Program Files\dotnet\sdk\5.0.302\Extensions'.
TpTrace Information: 0 : 8484, 1, 2021/08/19, 10:52:47.791, 12684442713319, vstest.console.dll, AssemblyResolver.OnResolve: Microsoft.VisualStudio.TestPlatform.Extensions.Html.TestLogger: Loading assembly 'C:\Program Files\dotnet\sdk\5.0.302\Extensions\Microsoft.VisualStudio.TestPlatform.Extensions.Html.TestLogger.dll'.
TpTrace Information: 0 : 8484, 1, 2021/08/19, 10:52:47.791, 12684442722018, vstest.console.dll, AssemblyResolver.OnResolve: Resolved assembly: Microsoft.VisualStudio.TestPlatform.Extensions.Html.TestLogger, from path: C:\Program Files\dotnet\sdk\5.0.302\Extensions\Microsoft.VisualStudio.TestPlatform.Extensions.Html.TestLogger.dll
TpTrace Information: 0 : 8484, 1, 2021/08/19, 10:52:47.792, 12684442728399, vstest.console.dll, AssemblyResolver.OnResolve: Microsoft.VisualStudio.TestPlatform.Extensions.Trx.TestLogger: Resolving assembly.
TpTrace Information: 0 : 8484, 1, 2021/08/19, 10:52:47.792, 12684442729670, vstest.console.dll, AssemblyResolver.OnResolve: Microsoft.VisualStudio.TestPlatform.Extensions.Trx.TestLogger: Searching in: 'C:\Program Files\dotnet\sdk\5.0.302\Extensions'.
TpTrace Information: 0 : 8484, 1, 2021/08/19, 10:52:47.793, 12684442733333, vstest.console.dll, AssemblyResolver.OnResolve: Microsoft.VisualStudio.TestPlatform.Extensions.Trx.TestLogger: Loading assembly 'C:\Program Files\dotnet\sdk\5.0.302\Extensions\Microsoft.VisualStudio.TestPlatform.Extensions.Trx.TestLogger.dll'.
TpTrace Information: 0 : 8484, 1, 2021/08/19, 10:52:47.793, 12684442741629, vstest.console.dll, AssemblyResolver.OnResolve: Resolved assembly: Microsoft.VisualStudio.TestPlatform.Extensions.Trx.TestLogger, from path: C:\Program Files\dotnet\sdk\5.0.302\Extensions\Microsoft.VisualStudio.TestPlatform.Extensions.Trx.TestLogger.dll
TpTrace Verbose: 0 : 8484, 1, 2021/08/19, 10:52:47.794, 12684442748818, vstest.console.dll, TestPluginCache: Discovered the extensions using extension path ''.
TpTrace Verbose: 0 : 8484, 1, 2021/08/19, 10:52:47.794, 12684442749607, vstest.console.dll, TestPluginCache: Discoverers are ''.
TpTrace Verbose: 0 : 8484, 1, 2021/08/19, 10:52:47.794, 12684442750027, vstest.console.dll, TestPluginCache: Executors are ''.
TpTrace Verbose: 0 : 8484, 1, 2021/08/19, 10:52:47.794, 12684442750480, vstest.console.dll, TestPluginCache: Executors2 are ''.
TpTrace Verbose: 0 : 8484, 1, 2021/08/19, 10:52:47.794, 12684442750845, vstest.console.dll, TestPluginCache: Setting providers are ''.
TpTrace Verbose: 0 : 8484, 1, 2021/08/19, 10:52:47.794, 12684442751189, vstest.console.dll, TestPluginCache: Loggers are ''.
TpTrace Information: 0 : 8484, 1, 2021/08/19, 10:52:47.802, 12684442822965, vstest.console.dll, RunTestsArgumentProcessor:Execute: Test run is starting.
TpTrace Verbose: 0 : 8484, 1, 2021/08/19, 10:52:47.802, 12684442824160, vstest.console.dll, RunTestsArgumentProcessor:Execute: Queuing Test run.
TpTrace Information: 0 : 8484, 1, 2021/08/19, 10:52:47.802, 12684442826636, vstest.console.dll, TestRequestManager.RunTests: run tests started.
TpTrace Information: 0 : 8484, 1, 2021/08/19, 10:52:47.805, 12684442862602, vstest.console.dll, AssemblyMetadataProvider.GetFrameWork: Determined framework:'.NETCoreApp,Version=v3.1' for source: 'E:\.Net Workspace\Koch\Conversion\Conversion.Tests\bin\Debug\netcoreapp3.1\fine-code-coverage\build-output\Conversion.Tests.dll'
TpTrace Information: 0 : 8484, 1, 2021/08/19, 10:52:47.806, 12684442865665, vstest.console.dll, Determined framework for all sources: .NETCoreApp,Version=v3.1
TpTrace Information: 0 : 8484, 1, 2021/08/19, 10:52:47.806, 12684442872106, vstest.console.dll, AssemblyMetadataProvider.GetArchitecture: Determined architecture:AnyCPU info for assembly: E:\.Net Workspace\Koch\Conversion\Conversion.Tests\bin\Debug\netcoreapp3.1\fine-code-coverage\build-output\Conversion.Tests.dll
TpTrace Information: 0 : 8484, 1, 2021/08/19, 10:52:47.809, 12684442902722, vstest.console.dll, Determined platform for all sources: X64
TpTrace Information: 0 : 8484, 1, 2021/08/19, 10:52:47.813, 12684442933240, vstest.console.dll, Compatible sources list : 
TpTrace Information: 0 : 8484, 1, 2021/08/19, 10:52:47.813, 12684442934351, vstest.console.dll, E:\.Net Workspace\Koch\Conversion\Conversion.Tests\bin\Debug\netcoreapp3.1\fine-code-coverage\build-output\Conversion.Tests.dll
TpTrace Information: 0 : 8484, 1, 2021/08/19, 10:52:47.816, 12684442964651, vstest.console.dll, InferRunSettingsHelper.IsTestSettingsEnabled: Unable to navigate to RunSettings/MSTest. Current node: RunSettings
TpTrace Information: 0 : 8484, 1, 2021/08/19, 10:52:47.817, 12684442974502, vstest.console.dll, AssemblyResolver.OnResolve: Microsoft.VisualStudio.TestPlatform.Fakes: Resolving assembly.
TpTrace Information: 0 : 8484, 1, 2021/08/19, 10:52:47.817, 12684442975673, vstest.console.dll, AssemblyResolver.OnResolve: Microsoft.VisualStudio.TestPlatform.Fakes: Searching in: 'C:\Program Files\dotnet\sdk\5.0.302\Extensions'.
TpTrace Information: 0 : 8484, 1, 2021/08/19, 10:52:47.817, 12684442977892, vstest.console.dll, AssemblyResolver.OnResolve: Microsoft.VisualStudio.TestPlatform.Fakes: Assembly path does not exist: 'C:\Program Files\dotnet\sdk\5.0.302\Extensions\Microsoft.VisualStudio.TestPlatform.Fakes.dll', returning.
TpTrace Information: 0 : 8484, 1, 2021/08/19, 10:52:47.817, 12684442979429, vstest.console.dll, AssemblyResolver.OnResolve: Microsoft.VisualStudio.TestPlatform.Fakes: Assembly path does not exist: 'C:\Program Files\dotnet\sdk\5.0.302\Extensions\Microsoft.VisualStudio.TestPlatform.Fakes.exe', returning.
TpTrace Information: 0 : 8484, 1, 2021/08/19, 10:52:47.817, 12684442980331, vstest.console.dll, AssemblyResolver.OnResolve: Microsoft.VisualStudio.TestPlatform.Fakes: Searching in: 'C:\Program Files\dotnet\sdk\5.0.302'.
TpTrace Information: 0 : 8484, 1, 2021/08/19, 10:52:47.817, 12684442982011, vstest.console.dll, AssemblyResolver.OnResolve: Microsoft.VisualStudio.TestPlatform.Fakes: Assembly path does not exist: 'C:\Program Files\dotnet\sdk\5.0.302\Microsoft.VisualStudio.TestPlatform.Fakes.dll', returning.
TpTrace Information: 0 : 8484, 1, 2021/08/19, 10:52:47.818, 12684442983528, vstest.console.dll, AssemblyResolver.OnResolve: Microsoft.VisualStudio.TestPlatform.Fakes: Assembly path does not exist: 'C:\Program Files\dotnet\sdk\5.0.302\Microsoft.VisualStudio.TestPlatform.Fakes.exe', returning.
TpTrace Information: 0 : 8484, 1, 2021/08/19, 10:52:47.818, 12684442984204, vstest.console.dll, AssemblyResolver.OnResolve: Microsoft.VisualStudio.TestPlatform.Fakes: Failed to load assembly.
TpTrace Information: 0 : 8484, 1, 2021/08/19, 10:52:47.818, 12684442990910, vstest.console.dll, Failed to create newly implemented Fakes Configurator. Reason:System.IO.FileNotFoundException: Could not load file or assembly 'Microsoft.VisualStudio.TestPlatform.Fakes, Version=16.0.0.0, Culture=neutral, PublicKeyToken=null'. The system cannot find the file specified.
File name: 'Microsoft.VisualStudio.TestPlatform.Fakes, Version=16.0.0.0, Culture=neutral, PublicKeyToken=null'
   at System.Reflection.RuntimeAssembly.InternalLoad(ObjectHandleOnStack assemblyName, ObjectHandleOnStack requestingAssembly, StackCrawlMarkHandle stackMark, Boolean throwOnFileNotFound, ObjectHandleOnStack assemblyLoadContext, ObjectHandleOnStack retAssembly)
   at System.Reflection.RuntimeAssembly.InternalLoad(AssemblyName assemblyName, RuntimeAssembly requestingAssembly, StackCrawlMark& stackMark, Boolean throwOnFileNotFound, AssemblyLoadContext assemblyLoadContext)
   at System.Reflection.Assembly.Load(AssemblyName assemblyRef)
   at Microsoft.VisualStudio.TestPlatform.Common.Utilities.FakesUtilities.TryGetFakesCrossPlatformDataCollectorConfigurator() 
TpTrace Verbose: 0 : 8484, 1, 2021/08/19, 10:52:47.824, 12684443044747, vstest.console.dll, TestPluginCache.DiscoverTestExtensions: finding test extensions in assemblies ends with: TestLogger.dll TPluginInfo: Microsoft.VisualStudio.TestPlatform.Common.ExtensionFramework.Utilities.TestLoggerPluginInformation TExtension: Microsoft.VisualStudio.TestPlatform.ObjectModel.Client.ITestLogger
TpTrace Verbose: 0 : 8484, 1, 2021/08/19, 10:52:47.824, 12684443045855, vstest.console.dll, TestPluginCache.GetExtensionPaths: Filtered extension paths: 
TpTrace Verbose: 0 : 8484, 1, 2021/08/19, 10:52:47.824, 12684443046324, vstest.console.dll, TestPluginCache.GetExtensionPaths: Added default extension paths: C:\Program Files\dotnet\sdk\5.0.302\Extensions\Microsoft.Diagnostics.NETCore.Client.dll
C:\Program Files\dotnet\sdk\5.0.302\Extensions\Microsoft.TestPlatform.Extensions.BlameDataCollector.dll
C:\Program Files\dotnet\sdk\5.0.302\Extensions\Microsoft.TestPlatform.Extensions.EventLogCollector.dll
C:\Program Files\dotnet\sdk\5.0.302\Extensions\Microsoft.TestPlatform.TestHostRuntimeProvider.dll
C:\Program Files\dotnet\sdk\5.0.302\Extensions\Microsoft.VisualStudio.TestPlatform.Extensions.Html.TestLogger.dll
C:\Program Files\dotnet\sdk\5.0.302\Extensions\Microsoft.VisualStudio.TestPlatform.Extensions.Trx.TestLogger.dll
TpTrace Verbose: 0 : 8484, 1, 2021/08/19, 10:52:47.824, 12684443046763, vstest.console.dll, TestPluginCache.GetExtensionPaths: Added unfilterableExtensionPaths: 
TpTrace Information: 0 : 8484, 1, 2021/08/19, 10:52:47.824, 12684443048598, vstest.console.dll, AssemblyResolver.AddSearchDirectories: Adding more searchDirectories C:\Program Files\dotnet\sdk\5.0.302\Extensions,C:\Program Files\dotnet\sdk\5.0.302
TpTrace Verbose: 0 : 8484, 1, 2021/08/19, 10:52:47.824, 12684443049259, vstest.console.dll, TestPluginCache.DiscoverTestExtensions: Discovering the extensions using extension path.
TpTrace Verbose: 0 : 8484, 1, 2021/08/19, 10:52:47.824, 12684443049655, vstest.console.dll, TestPluginCache.GetExtensionPaths: Filtered extension paths: 
TpTrace Verbose: 0 : 8484, 1, 2021/08/19, 10:52:47.824, 12684443050062, vstest.console.dll, TestPluginCache.GetExtensionPaths: Added default extension paths: C:\Program Files\dotnet\sdk\5.0.302\Extensions\Microsoft.Diagnostics.NETCore.Client.dll
C:\Program Files\dotnet\sdk\5.0.302\Extensions\Microsoft.TestPlatform.Extensions.BlameDataCollector.dll
C:\Program Files\dotnet\sdk\5.0.302\Extensions\Microsoft.TestPlatform.Extensions.EventLogCollector.dll
C:\Program Files\dotnet\sdk\5.0.302\Extensions\Microsoft.TestPlatform.TestHostRuntimeProvider.dll
C:\Program Files\dotnet\sdk\5.0.302\Extensions\Microsoft.VisualStudio.TestPlatform.Extensions.Html.TestLogger.dll
C:\Program Files\dotnet\sdk\5.0.302\Extensions\Microsoft.VisualStudio.TestPlatform.Extensions.Trx.TestLogger.dll
TpTrace Verbose: 0 : 8484, 1, 2021/08/19, 10:52:47.824, 12684443050536, vstest.console.dll, TestPluginCache.GetExtensionPaths: Added unfilterableExtensionPaths: 
TpTrace Verbose: 0 : 8484, 1, 2021/08/19, 10:52:47.824, 12684443050946, vstest.console.dll, TestPluginCache.DiscoverTestExtensions: Discovering the extensions using allExtensionPaths: C:\Program Files\dotnet\sdk\5.0.302\Extensions\Microsoft.Diagnostics.NETCore.Client.dll
C:\Program Files\dotnet\sdk\5.0.302\Extensions\Microsoft.TestPlatform.Extensions.BlameDataCollector.dll
C:\Program Files\dotnet\sdk\5.0.302\Extensions\Microsoft.TestPlatform.Extensions.EventLogCollector.dll
C:\Program Files\dotnet\sdk\5.0.302\Extensions\Microsoft.TestPlatform.TestHostRuntimeProvider.dll
C:\Program Files\dotnet\sdk\5.0.302\Extensions\Microsoft.VisualStudio.TestPlatform.Extensions.Html.TestLogger.dll
C:\Program Files\dotnet\sdk\5.0.302\Extensions\Microsoft.VisualStudio.TestPlatform.Extensions.Trx.TestLogger.dll
TpTrace Information: 0 : 8484, 1, 2021/08/19, 10:52:47.824, 12684443051536, vstest.console.dll, AssemblyResolver.AddSearchDirectories: Adding more searchDirectories C:\Program Files\dotnet\sdk\5.0.302\Extensions,C:\Program Files\dotnet\sdk\5.0.302
TpTrace Information: 0 : 8484, 1, 2021/08/19, 10:52:47.824, 12684443051969, vstest.console.dll, AssemblyResolver.AddSearchDirectories: Adding more searchDirectories C:\Program Files\dotnet\sdk\5.0.302\Extensions,C:\Program Files\dotnet\sdk\5.0.302
TpTrace Information: 0 : 8484, 1, 2021/08/19, 10:52:47.824, 12684443052359, vstest.console.dll, AssemblyResolver.AddSearchDirectories: Adding more searchDirectories C:\Program Files\dotnet\sdk\5.0.302\Extensions,C:\Program Files\dotnet\sdk\5.0.302
TpTrace Information: 0 : 8484, 1, 2021/08/19, 10:52:47.824, 12684443052802, vstest.console.dll, AssemblyResolver.AddSearchDirectories: Adding more searchDirectories C:\Program Files\dotnet\sdk\5.0.302\Extensions,C:\Program Files\dotnet\sdk\5.0.302
TpTrace Information: 0 : 8484, 1, 2021/08/19, 10:52:47.825, 12684443053188, vstest.console.dll, AssemblyResolver.AddSearchDirectories: Adding more searchDirectories C:\Program Files\dotnet\sdk\5.0.302\Extensions,C:\Program Files\dotnet\sdk\5.0.302
TpTrace Information: 0 : 8484, 1, 2021/08/19, 10:52:47.825, 12684443053581, vstest.console.dll, AssemblyResolver.AddSearchDirectories: Adding more searchDirectories C:\Program Files\dotnet\sdk\5.0.302\Extensions,C:\Program Files\dotnet\sdk\5.0.302
TpTrace Information: 0 : 8484, 1, 2021/08/19, 10:52:47.825, 12684443056200, vstest.console.dll, AssemblyResolver.OnResolve: Microsoft.Bcl.AsyncInterfaces: Resolving assembly.
TpTrace Information: 0 : 8484, 1, 2021/08/19, 10:52:47.825, 12684443056719, vstest.console.dll, AssemblyResolver.OnResolve: Microsoft.Bcl.AsyncInterfaces: Resolved from cache.
TpTrace Verbose: 0 : 8484, 1, 2021/08/19, 10:52:47.825, 12684443057131, vstest.console.dll, CurrentDomainAssemblyResolve: Resolving assembly 'Microsoft.Bcl.AsyncInterfaces'.
TpTrace Information: 0 : 8484, 1, 2021/08/19, 10:52:47.825, 12684443057756, vstest.console.dll, AssemblyResolver.OnResolve: Microsoft.Bcl.AsyncInterfaces: Resolving assembly.
TpTrace Information: 0 : 8484, 1, 2021/08/19, 10:52:47.825, 12684443058188, vstest.console.dll, AssemblyResolver.OnResolve: Microsoft.Bcl.AsyncInterfaces: Resolved from cache.
TpTrace Verbose: 0 : 8484, 1, 2021/08/19, 10:52:47.825, 12684443058698, vstest.console.dll, CurrentDomainAssemblyResolve: Resolving assembly 'Microsoft.Bcl.AsyncInterfaces'.
TpTrace Verbose: 0 : 8484, 1, 2021/08/19, 10:52:47.825, 12684443059083, vstest.console.dll, CurrentDomainAssemblyResolve: Failed to resolve assembly 'Microsoft.Bcl.AsyncInterfaces'.
TpTrace Verbose: 0 : 8484, 1, 2021/08/19, 10:52:47.825, 12684443060548, vstest.console.dll, CurrentDomainAssemblyResolve: Failed to resolve assembly 'Microsoft.Bcl.AsyncInterfaces'.
TpTrace Warning: 0 : 8484, 1, 2021/08/19, 10:52:47.826, 12684443063364, vstest.console.dll, TestPluginDiscoverer: Failed to get types from assembly 'Microsoft.Diagnostics.NETCore.Client, Version=0.2.2.41902, Culture=neutral, PublicKeyToken=31bf3856ad364e35'.  Skipping test extension scan for this assembly.  Error: System.Reflection.ReflectionTypeLoadException: Unable to load one or more of the requested types.
Could not load file or assembly 'Microsoft.Bcl.AsyncInterfaces, Version=1.0.0.0, Culture=neutral, PublicKeyToken=cc7b13ffcd2ddd51'. The system cannot find the file specified.
   at System.Reflection.RuntimeModule.GetTypes(RuntimeModule module)
   at System.Reflection.RuntimeModule.GetTypes()
   at System.Reflection.Assembly.GetTypes()
   at Microsoft.VisualStudio.TestPlatform.Common.ExtensionFramework.TestPluginDiscoverer.GetTestExtensionsFromAssembly[TPluginInfo,TExtension](Assembly assembly, Dictionary`2 pluginInfos)
System.IO.FileNotFoundException: Could not load file or assembly 'Microsoft.Bcl.AsyncInterfaces, Version=1.0.0.0, Culture=neutral, PublicKeyToken=cc7b13ffcd2ddd51'. The system cannot find the file specified.
File name: 'Microsoft.Bcl.AsyncInterfaces, Version=1.0.0.0, Culture=neutral, PublicKeyToken=cc7b13ffcd2ddd51'
TpTrace Warning: 0 : 8484, 1, 2021/08/19, 10:52:47.826, 12684443064004, vstest.console.dll, LoaderExceptions: System.IO.FileNotFoundException: Could not load file or assembly 'Microsoft.Bcl.AsyncInterfaces, Version=1.0.0.0, Culture=neutral, PublicKeyToken=cc7b13ffcd2ddd51'. The system cannot find the file specified.
File name: 'Microsoft.Bcl.AsyncInterfaces, Version=1.0.0.0, Culture=neutral, PublicKeyToken=cc7b13ffcd2ddd51'
TpTrace Verbose: 0 : 8484, 1, 2021/08/19, 10:52:47.826, 12684443067985, vstest.console.dll, TestPluginCache: Discovered the extensions using extension path ''.
TpTrace Verbose: 0 : 8484, 1, 2021/08/19, 10:52:47.826, 12684443068565, vstest.console.dll, TestPluginCache: Discoverers are ''.
TpTrace Verbose: 0 : 8484, 1, 2021/08/19, 10:52:47.826, 12684443068930, vstest.console.dll, TestPluginCache: Executors are ''.
TpTrace Verbose: 0 : 8484, 1, 2021/08/19, 10:52:47.826, 12684443069255, vstest.console.dll, TestPluginCache: Executors2 are ''.
TpTrace Verbose: 0 : 8484, 1, 2021/08/19, 10:52:47.826, 12684443069571, vstest.console.dll, TestPluginCache: Setting providers are ''.
TpTrace Verbose: 0 : 8484, 1, 2021/08/19, 10:52:47.826, 12684443070512, vstest.console.dll, TestPluginCache: Loggers are 'logger://Microsoft/TestPlatform/Extensions/Blame/v1,logger://Microsoft/TestPlatform/HtmlLogger/v1,logger://Microsoft/TestPlatform/TrxLogger/v1'.
TpTrace Information: 0 : 8484, 1, 2021/08/19, 10:52:47.827, 12684443076866, vstest.console.dll, TestPluginManager.CreateTestExtension: Attempting to load test extension: Microsoft.TestPlatform.Extensions.BlameDataCollector.BlameLogger
TpTrace Information: 0 : 8484, 1, 2021/08/19, 10:52:47.836, 12684443168066, vstest.console.dll, TestPluginManager.CreateTestExtension: Attempting to load test extension: Microsoft.VisualStudio.TestPlatform.CrossPlatEngine.Hosting.DefaultTestHostManager
TpTrace Information: 0 : 8484, 1, 2021/08/19, 10:52:47.836, 12684443171095, vstest.console.dll, TestPluginManager.CreateTestExtension: Attempting to load test extension: Microsoft.VisualStudio.TestPlatform.CrossPlatEngine.Hosting.DotnetTestHostManager
TpTrace Verbose: 0 : 8484, 1, 2021/08/19, 10:52:47.837, 12684443177001, vstest.console.dll, TestEngine: Initializing Parallel Execution as MaxCpuCount is set to: 1
TpTrace Information: 0 : 8484, 1, 2021/08/19, 10:52:47.837, 12684443182118, vstest.console.dll, InferRunSettingsHelper.IsTestSettingsEnabled: Unable to navigate to RunSettings/MSTest. Current node: RunSettings
TpTrace Verbose: 0 : 8484, 1, 2021/08/19, 10:52:47.852, 12684443329479, vstest.console.dll, TestRequestSender is acting as server
TpTrace Verbose: 0 : 8484, 4, 2021/08/19, 10:52:47.855, 12684443362627, vstest.console.dll, DataCollectionRequestSender.InitializeCommunication : Initialize communication. 
TpTrace Information: 0 : 8484, 4, 2021/08/19, 10:52:47.871, 12684443514773, vstest.console.dll, Listening on Endpoint : 127.0.0.1:49932
TpTrace Verbose: 0 : 8484, 4, 2021/08/19, 10:52:47.882, 12684443627047, vstest.console.dll, DotnetDataCollectionLauncher: Full path of dotnet.exe is C:\Program Files\dotnet\dotnet.exe
TpTrace Verbose: 0 : 8484, 4, 2021/08/19, 10:52:47.882, 12684443628793, vstest.console.dll, DotnetDataCollectionLauncher: Adding  --runtimeconfig "C:\Program Files\dotnet\sdk\5.0.302\datacollector.runtimeconfig.json" in args
TpTrace Verbose: 0 : 8484, 4, 2021/08/19, 10:52:47.882, 12684443630033, vstest.console.dll, DotnetDataCollectionLauncher: Adding  --depsfile "C:\Program Files\dotnet\sdk\5.0.302\datacollector.deps.json" in args
TpTrace Information: 0 : 8484, 4, 2021/08/19, 10:52:47.892, 12684443731687, vstest.console.dll, ProxyDataCollectionManager.Initialize: Launched datacollector processId: 8424 port: 49932
TpTrace Information: 0 : 8484, 4, 2021/08/19, 10:52:47.893, 12684443733968, vstest.console.dll, ProxyDataCollectionManager.Initialize: waiting for connection with timeout: 90 seconds
TpTrace Verbose: 0 : 8484, 4, 2021/08/19, 10:52:47.893, 12684443735066, vstest.console.dll, DataCollectionRequestSender.WaitForRequestHandlerConnection : Waiting for connection with timeout: 90000
TpTrace Information: 0 : 8484, 7, 2021/08/19, 10:52:49.115, 12684455958691, vstest.console.dll, Using the buffer size of 16384 bytes
TpTrace Verbose: 0 : 8484, 4, 2021/08/19, 10:52:49.115, 12684455959461, vstest.console.dll, ProxyDataCollectionManager.InvokeDataCollectionServiceAction: Starting.
TpTrace Information: 0 : 8484, 7, 2021/08/19, 10:52:49.115, 12684455959607, vstest.console.dll, Accepted Client request and set the flag
TpTrace Information: 0 : 8484, 4, 2021/08/19, 10:52:49.115, 12684455960823, vstest.console.dll, ProxyDataCollectionManager.BeforeTestRunStart: Get environment variable and port for datacollector processId: 8424 port: 49932
TpTrace Verbose: 0 : 8484, 4, 2021/08/19, 10:52:49.115, 12684455962510, vstest.console.dll, DataCollectionRequestSender.SendBeforeTestRunStartAndGetResult : Send BeforeTestRunStart message with settingsXml <RunSettings><RunConfiguration><ResultsDirectory>E:\.Net Workspace\Koch\Conversion\Conversion.Tests\bin\Debug\netcoreapp3.1\fine-code-coverage\coverage-tool-output</ResultsDirectory><TargetPlatform>X64</TargetPlatform><TargetFrameworkVersion>.NETCoreApp,Version=v3.1</TargetFrameworkVersion><DesignMode>False</DesignMode><CollectSourceInformation>False</CollectSourceInformation><TestAdaptersPaths>C:\Program Files\dotnet\sdk\5.0.302\Extensions</TestAdaptersPaths></RunConfiguration><LoggerRunSettings><Loggers><Logger friendlyName="blame" enabled="True" /><Logger friendlyName="Console" uri="logger://microsoft/TestPlatform/ConsoleLogger/v1" assemblyQualifiedName="Microsoft.VisualStudio.TestPlatform.CommandLine.Internal.ConsoleLogger, vstest.console, Version=15.0.0.0, Culture=neutral, PublicKeyToken=b03f5f7f11d50a3a" codeBase="C:\Program Files\dotnet\sdk\5.0.302\vstest.console.dll" enabled="True" /></Loggers></LoggerRunSettings><DataCollectionRunSettings><DataCollectors><DataCollector friendlyName="blame" enabled="True"><Configuration><ResultsDirectory>E:\.Net Workspace\Koch\Conversion\Conversion.Tests\bin\Debug\netcoreapp3.1\fine-code-coverage\coverage-tool-output</ResultsDirectory></Configuration></DataCollector></DataCollectors></DataCollectionRunSettings></RunSettings> and sources System.Linq.Enumerable+Concat2Iterator`1[System.String]: 
TpTrace Verbose: 0 : 8484, 4, 2021/08/19, 10:52:49.194, 12684456742941, vstest.console.dll, DataCollectionRequestSender.SendBeforeTestRunStartAndGetResult : Received message: (DataCollection.SendMessage) -> {
  "FriendlyName": null,
  "Uri": null,
  "TestCaseId": "00000000-0000-0000-0000-000000000000",
  "Message": "Logging DataCollector Diagnostics in file: E:\\.Net Workspace\\Koch\\Conversion\\Conversion.Tests\\bin\\Debug\\netcoreapp3.1\\fine-code-coverage\\coverage-tool-output\\diagnostics.datacollector.21-08-19_10-52-47_87795_4.log",
  "Level": 0
}
TpTrace Verbose: 0 : 8484, 4, 2021/08/19, 10:52:49.260, 12684457410868, vstest.console.dll, DataCollectionRequestSender.SendBeforeTestRunStartAndGetResult : Received message: (DataCollection.BeforeTestRunStartResult) -> {
  "EnvironmentVariables": {},
  "DataCollectionEventsPort": 49935
}
TpTrace Information: 0 : 8484, 4, 2021/08/19, 10:52:49.264, 12684457450913, vstest.console.dll, ProxyDataCollectionManager.BeforeTestRunStart: SendBeforeTestRunStartAndGetResult successful, env variable from datacollector:   and testhost port: 49935
TpTrace Information: 0 : 8484, 4, 2021/08/19, 10:52:49.264, 12684457451684, vstest.console.dll, ProxyDataCollectionManager.InvokeDataCollectionServiceAction: Completed.
TpTrace Verbose: 0 : 8484, 1, 2021/08/19, 10:52:49.265, 12684457453705, vstest.console.dll, TestRunRequest.ExecuteAsync: Creating test run request.
TpTrace Verbose: 0 : 8484, 1, 2021/08/19, 10:52:49.265, 12684457456221, vstest.console.dll, TestRunRequest.ExecuteAsync: Starting.
TpTrace Information: 0 : 8484, 1, 2021/08/19, 10:52:49.265, 12684457458737, vstest.console.dll, TestRunRequest.ExecuteAsync: Starting run with settings:TestRunCriteria:
   KeepAlive=False,FrequencyOfRunStatsChangeEvent=10,RunStatsChangeEventTimeout=00:00:01.5000000,TestCaseFilter=,TestExecutorLauncher=
   Settingsxml=<RunSettings>
  <RunConfiguration>
    <ResultsDirectory>E:\.Net Workspace\Koch\Conversion\Conversion.Tests\bin\Debug\netcoreapp3.1\fine-code-coverage\coverage-tool-output</ResultsDirectory>
    <TargetPlatform>X64</TargetPlatform>
    <TargetFrameworkVersion>.NETCoreApp,Version=v3.1</TargetFrameworkVersion>
    <DesignMode>False</DesignMode>
    <CollectSourceInformation>False</CollectSourceInformation>
  </RunConfiguration>
  <LoggerRunSettings>
    <Loggers>
      <Logger friendlyName="blame" enabled="True" />
      <Logger friendlyName="Console" uri="logger://microsoft/TestPlatform/ConsoleLogger/v1" assemblyQualifiedName="Microsoft.VisualStudio.TestPlatform.CommandLine.Internal.ConsoleLogger, vstest.console, Version=15.0.0.0, Culture=neutral, PublicKeyToken=b03f5f7f11d50a3a" codeBase="C:\Program Files\dotnet\sdk\5.0.302\vstest.console.dll" enabled="True" />
    </Loggers>
  </LoggerRunSettings>
  <DataCollectionRunSettings>
    <DataCollectors>
      <DataCollector friendlyName="blame" enabled="True">
        <Configuration>
          <ResultsDirectory>E:\.Net Workspace\Koch\Conversion\Conversion.Tests\bin\Debug\netcoreapp3.1\fine-code-coverage\coverage-tool-output</ResultsDirectory>
        </Configuration>
      </DataCollector>
    </DataCollectors>
  </DataCollectionRunSettings>
</RunSettings>

TpTrace Verbose: 0 : 8484, 1, 2021/08/19, 10:52:49.265, 12684457459331, vstest.console.dll, TestRunRequest.ExecuteAsync: Wait for the first run request is over.
TpTrace Verbose: 0 : 8484, 1, 2021/08/19, 10:52:49.266, 12684457463335, vstest.console.dll, ParallelProxyExecutionManager: Start execution. Total sources: 1
TpTrace Information: 0 : 8484, 1, 2021/08/19, 10:52:49.266, 12684457469136, vstest.console.dll, ProxyParallelExecutionManager: Triggering test run for next source: E:\.Net Workspace\Koch\Conversion\Conversion.Tests\bin\Debug\netcoreapp3.1\fine-code-coverage\build-output\Conversion.Tests.dll
TpTrace Verbose: 0 : 8484, 10, 2021/08/19, 10:52:49.266, 12684457470824, vstest.console.dll, ParallelProxyExecutionManager: Execution started. Started clients: 1
TpTrace Verbose: 0 : 8484, 1, 2021/08/19, 10:52:49.266, 12684457471473, vstest.console.dll, ProxyParallelExecutionManager: No sources available for execution.
TpTrace Information: 0 : 8484, 1, 2021/08/19, 10:52:49.266, 12684457472261, vstest.console.dll, TestRunRequest.ExecuteAsync: Started.
TpTrace Verbose: 0 : 8484, 1, 2021/08/19, 10:52:49.267, 12684457473171, vstest.console.dll, TestRunRequest.WaitForCompletion: Waiting with timeout -1.
TpTrace Verbose: 0 : 8484, 10, 2021/08/19, 10:52:49.267, 12684457474385, vstest.console.dll, TestRunRequest:SendTestRunMessage: Starting.
TpTrace Information: 0 : 8484, 10, 2021/08/19, 10:52:49.267, 12684457475409, vstest.console.dll, TestRunRequest:SendTestRunMessage: Completed.
TpTrace Verbose: 0 : 8484, 10, 2021/08/19, 10:52:49.267, 12684457477238, vstest.console.dll, ProxyExecutionManager: Test host is always Lazy initialize.
TpTrace Verbose: 0 : 8484, 10, 2021/08/19, 10:52:49.267, 12684457479487, vstest.console.dll, TestRequestSender.InitializeCommunication: initialize communication. 
TpTrace Information: 0 : 8484, 10, 2021/08/19, 10:52:49.268, 12684457484793, vstest.console.dll, SocketServer.Start: Listening on endpoint : 127.0.0.1:49936
TpTrace Verbose: 0 : 8484, 10, 2021/08/19, 10:52:49.268, 12684457490529, vstest.console.dll, DotnetTestHostmanager: Adding  --runtimeconfig "E:\.Net Workspace\Koch\Conversion\Conversion.Tests\bin\Debug\netcoreapp3.1\fine-code-coverage\build-output\Conversion.Tests.runtimeconfig.json" in args
TpTrace Verbose: 0 : 8484, 10, 2021/08/19, 10:52:49.268, 12684457491298, vstest.console.dll, DotnetTestHostmanager: Adding  --depsfile "E:\.Net Workspace\Koch\Conversion\Conversion.Tests\bin\Debug\netcoreapp3.1\fine-code-coverage\build-output\Conversion.Tests.deps.json" in args
TpTrace Verbose: 0 : 8484, 10, 2021/08/19, 10:52:49.269, 12684457493006, vstest.console.dll, DotnetTestHostManager: Testhost.exe/testhost.x86.exe found at path: E:\.Net Workspace\Koch\Conversion\Conversion.Tests\bin\Debug\netcoreapp3.1\fine-code-coverage\build-output\testhost.exe
TpTrace Verbose: 0 : 8484, 10, 2021/08/19, 10:52:49.269, 12684457493552, vstest.console.dll, DotnetTestHostmanager: Full path of host exe is E:\.Net Workspace\Koch\Conversion\Conversion.Tests\bin\Debug\netcoreapp3.1\fine-code-coverage\build-output\testhost.exe
TpTrace Verbose: 0 : 8484, 4, 2021/08/19, 10:52:49.269, 12684457502195, vstest.console.dll, DotnetTestHostManager: Starting process 'E:\.Net Workspace\Koch\Conversion\Conversion.Tests\bin\Debug\netcoreapp3.1\fine-code-coverage\build-output\testhost.exe' with command line ' --runtimeconfig "E:\.Net Workspace\Koch\Conversion\Conversion.Tests\bin\Debug\netcoreapp3.1\fine-code-coverage\build-output\Conversion.Tests.runtimeconfig.json" --depsfile "E:\.Net Workspace\Koch\Conversion\Conversion.Tests\bin\Debug\netcoreapp3.1\fine-code-coverage\build-output\Conversion.Tests.deps.json" --port 49936 --endpoint 127.0.0.1:049936 --role client --parentprocessid 8484 --diag "E:\.Net Workspace\Koch\Conversion\Conversion.Tests\bin\Debug\netcoreapp3.1\fine-code-coverage\coverage-tool-output\diagnostics.host.21-08-19_10-52-49_26848_10.log" --tracelevel 4 --datacollectionport 49935 --telemetryoptedin false'
TpTrace Verbose: 0 : 8484, 4, 2021/08/19, 10:52:49.275, 12684457553917, vstest.console.dll, Test Runtime launched
TpTrace Verbose: 0 : 8484, 10, 2021/08/19, 10:52:49.275, 12684457560075, vstest.console.dll, TestRequestSender.WaitForRequestHandlerConnection: waiting for connection with timeout: 90000
TpTrace Verbose: 0 : 8484, 13, 2021/08/19, 10:52:53.326, 12684498069528, vstest.console.dll, SocketServer.OnClientConnected: Client connected for endPoint: 127.0.0.1:49936, starting MessageLoopAsync:
TpTrace Verbose: 0 : 8484, 13, 2021/08/19, 10:52:53.327, 12684498073395, vstest.console.dll, TcpClientExtensions.MessageLoopAsync: Polling on remoteEndPoint: 127.0.0.1:49937 localEndPoint: 127.0.0.1:49936
TpTrace Verbose: 0 : 8484, 13, 2021/08/19, 10:52:53.647, 12684501273251, vstest.console.dll, TcpClientExtensions.MessageLoopAsync: NotifyDataAvailable remoteEndPoint: 127.0.0.1:49937 localEndPoint: 127.0.0.1:49936
TpTrace Verbose: 0 : 8484, 13, 2021/08/19, 10:52:53.647, 12684501278473, vstest.console.dll, TestRequestSender.CheckVersionWithTestHost: onMessageReceived received message: (ProtocolVersion) -> 5
TpTrace Verbose: 0 : 8484, 13, 2021/08/19, 10:52:53.648, 12684501288420, vstest.console.dll, TcpClientExtensions.MessageLoopAsync: Polling on remoteEndPoint: 127.0.0.1:49937 localEndPoint: 127.0.0.1:49936
TpTrace Verbose: 0 : 8484, 10, 2021/08/19, 10:52:53.648, 12684501291758, vstest.console.dll, TestPluginCache.GetExtensionPaths: Filtered extension paths: 
TpTrace Verbose: 0 : 8484, 10, 2021/08/19, 10:52:53.649, 12684501293363, vstest.console.dll, TestPluginCache.GetExtensionPaths: Added default extension paths: C:\Program Files\dotnet\sdk\5.0.302\Extensions\Microsoft.Diagnostics.NETCore.Client.dll
C:\Program Files\dotnet\sdk\5.0.302\Extensions\Microsoft.TestPlatform.Extensions.BlameDataCollector.dll
C:\Program Files\dotnet\sdk\5.0.302\Extensions\Microsoft.TestPlatform.Extensions.EventLogCollector.dll
C:\Program Files\dotnet\sdk\5.0.302\Extensions\Microsoft.TestPlatform.TestHostRuntimeProvider.dll
C:\Program Files\dotnet\sdk\5.0.302\Extensions\Microsoft.VisualStudio.TestPlatform.Extensions.Html.TestLogger.dll
C:\Program Files\dotnet\sdk\5.0.302\Extensions\Microsoft.VisualStudio.TestPlatform.Extensions.Trx.TestLogger.dll
TpTrace Verbose: 0 : 8484, 10, 2021/08/19, 10:52:53.649, 12684501294607, vstest.console.dll, TestPluginCache.GetExtensionPaths: Added unfilterableExtensionPaths: 
TpTrace Verbose: 0 : 8484, 10, 2021/08/19, 10:52:53.658, 12684501383911, vstest.console.dll, TestRequestSender.InitializeExecution: Sending initializing execution with message: {"Version":5,"MessageType":"TestExecution.Initialize","Payload":["E:\\.Net Workspace\\Koch\\Conversion\\Conversion.Tests\\bin\\Debug\\netcoreapp3.1\\fine-code-coverage\\build-output\\xunit.runner.visualstudio.dotnetcore.testadapter.dll"]}
TpTrace Verbose: 0 : 8484, 10, 2021/08/19, 10:52:53.679, 12684501595996, vstest.console.dll, TestRequestSender.StartTestRun: Sending test run with message: {"Version":5,"MessageType":"TestExecution.StartWithSources","Payload":{"AdapterSourceMap":{"_none_":["E:\\.Net Workspace\\Koch\\Conversion\\Conversion.Tests\\bin\\Debug\\netcoreapp3.1\\fine-code-coverage\\build-output\\Conversion.Tests.dll"]},"RunSettings":"<RunSettings>\r\n  <RunConfiguration>\r\n    <ResultsDirectory>E:\\.Net Workspace\\Koch\\Conversion\\Conversion.Tests\\bin\\Debug\\netcoreapp3.1\\fine-code-coverage\\coverage-tool-output</ResultsDirectory>\r\n    <TargetPlatform>X64</TargetPlatform>\r\n    <TargetFrameworkVersion>.NETCoreApp,Version=v3.1</TargetFrameworkVersion>\r\n    <DesignMode>False</DesignMode>\r\n    <CollectSourceInformation>False</CollectSourceInformation>\r\n  </RunConfiguration>\r\n  <LoggerRunSettings>\r\n    <Loggers>\r\n      <Logger friendlyName=\"blame\" enabled=\"True\" />\r\n      <Logger friendlyName=\"Console\" uri=\"logger://microsoft/TestPlatform/ConsoleLogger/v1\" assemblyQualifiedName=\"Microsoft.VisualStudio.TestPlatform.CommandLine.Internal.ConsoleLogger, vstest.console, Version=15.0.0.0, Culture=neutral, PublicKeyToken=b03f5f7f11d50a3a\" codeBase=\"C:\\Program Files\\dotnet\\sdk\\5.0.302\\vstest.console.dll\" enabled=\"True\" />\r\n    </Loggers>\r\n  </LoggerRunSettings>\r\n  <DataCollectionRunSettings>\r\n    <DataCollectors>\r\n      <DataCollector friendlyName=\"blame\" enabled=\"True\">\r\n        <Configuration>\r\n          <ResultsDirectory>E:\\.Net Workspace\\Koch\\Conversion\\Conversion.Tests\\bin\\Debug\\netcoreapp3.1\\fine-code-coverage\\coverage-tool-output</ResultsDirectory>\r\n        </Configuration>\r\n      </DataCollector>\r\n    </DataCollectors>\r\n  </DataCollectionRunSettings>\r\n</RunSettings>","TestExecutionContext":{"FrequencyOfRunStatsChangeEvent":10,"RunStatsChangeEventTimeout":"00:00:01.5000000","InIsolation":false,"KeepAlive":false,"AreTestCaseLevelEventsRequired":false,"IsDebug":false,"TestCaseFilter":null,"FilterOptions":null},"Package":null}}
TpTrace Verbose: 0 : 8484, 13, 2021/08/19, 10:52:53.680, 12684501604355, vstest.console.dll, TcpClientExtensions.MessageLoopAsync: NotifyDataAvailable remoteEndPoint: 127.0.0.1:49937 localEndPoint: 127.0.0.1:49936
TpTrace Verbose: 0 : 8484, 13, 2021/08/19, 10:52:53.680, 12684501607620, vstest.console.dll, TestRequestSender.OnExecutionMessageReceived: Received message: {"Version":5,"MessageType":"TestSession.Message","Payload":{"MessageLevel":0,"Message":"Logging TestHost Diagnostics in file: E:\\.Net Workspace\\Koch\\Conversion\\Conversion.Tests\\bin\\Debug\\netcoreapp3.1\\fine-code-coverage\\coverage-tool-output\\diagnostics.host.21-08-19_10-52-49_26848_10.log"}}
TpTrace Verbose: 0 : 8484, 13, 2021/08/19, 10:52:54.626, 12684511066603, vstest.console.dll, TestRunRequest:SendTestRunMessage: Starting.
TpTrace Information: 0 : 8484, 13, 2021/08/19, 10:52:54.626, 12684511071824, vstest.console.dll, TestRunRequest:SendTestRunMessage: Completed.
TpTrace Verbose: 0 : 8484, 13, 2021/08/19, 10:52:54.627, 12684511074011, vstest.console.dll, TcpClientExtensions.MessageLoopAsync: Polling on remoteEndPoint: 127.0.0.1:49937 localEndPoint: 127.0.0.1:49936
TpTrace Verbose: 0 : 8484, 13, 2021/08/19, 10:52:54.627, 12684511076441, vstest.console.dll, TcpClientExtensions.MessageLoopAsync: NotifyDataAvailable remoteEndPoint: 127.0.0.1:49937 localEndPoint: 127.0.0.1:49936
TpTrace Verbose: 0 : 8484, 13, 2021/08/19, 10:52:54.627, 12684511079352, vstest.console.dll, TestRequestSender.OnExecutionMessageReceived: Received message: {"Version":5,"MessageType":"TestSession.Message","Payload":{"MessageLevel":0,"Message":"[xUnit.net 00:00:00.00] xUnit.net VSTest Adapter v2.4.3+1b45f5407b (64-bit .NET Core 3.1.17)"}}
TpTrace Verbose: 0 : 8484, 13, 2021/08/19, 10:52:54.628, 12684511088838, vstest.console.dll, TestRunRequest:SendTestRunMessage: Starting.
TpTrace Information: 0 : 8484, 13, 2021/08/19, 10:52:54.628, 12684511091515, vstest.console.dll, TestRunRequest:SendTestRunMessage: Completed.
TpTrace Verbose: 0 : 8484, 13, 2021/08/19, 10:52:54.629, 12684511093703, vstest.console.dll, TcpClientExtensions.MessageLoopAsync: Polling on remoteEndPoint: 127.0.0.1:49937 localEndPoint: 127.0.0.1:49936
TpTrace Verbose: 0 : 8484, 13, 2021/08/19, 10:52:55.637, 12684521173338, vstest.console.dll, TcpClientExtensions.MessageLoopAsync: Polling on remoteEndPoint: 127.0.0.1:49937 localEndPoint: 127.0.0.1:49936
TpTrace Verbose: 0 : 8484, 13, 2021/08/19, 10:52:56.527, 12684530080327, vstest.console.dll, TcpClientExtensions.MessageLoopAsync: NotifyDataAvailable remoteEndPoint: 127.0.0.1:49937 localEndPoint: 127.0.0.1:49936
TpTrace Verbose: 0 : 8484, 13, 2021/08/19, 10:52:56.527, 12684530082835, vstest.console.dll, TestRequestSender.OnExecutionMessageReceived: Received message: {"Version":5,"MessageType":"TestSession.Message","Payload":{"MessageLevel":0,"Message":"[xUnit.net 00:00:02.51]   Discovering: Conversion.Tests"}}
TpTrace Verbose: 0 : 8484, 13, 2021/08/19, 10:52:56.528, 12684530089550, vstest.console.dll, TestRunRequest:SendTestRunMessage: Starting.
TpTrace Information: 0 : 8484, 13, 2021/08/19, 10:52:56.528, 12684530091646, vstest.console.dll, TestRunRequest:SendTestRunMessage: Completed.
TpTrace Verbose: 0 : 8484, 13, 2021/08/19, 10:52:56.528, 12684530092896, vstest.console.dll, TcpClientExtensions.MessageLoopAsync: Polling on remoteEndPoint: 127.0.0.1:49937 localEndPoint: 127.0.0.1:49936
TpTrace Verbose: 0 : 8484, 13, 2021/08/19, 10:52:56.641, 12684531214882, vstest.console.dll, TcpClientExtensions.MessageLoopAsync: NotifyDataAvailable remoteEndPoint: 127.0.0.1:49937 localEndPoint: 127.0.0.1:49936
TpTrace Verbose: 0 : 8484, 13, 2021/08/19, 10:52:56.641, 12684531217594, vstest.console.dll, TestRequestSender.OnExecutionMessageReceived: Received message: {"Version":5,"MessageType":"TestSession.Message","Payload":{"MessageLevel":0,"Message":"[xUnit.net 00:00:02.63]   Discovered:  Conversion.Tests"}}
TpTrace Verbose: 0 : 8484, 13, 2021/08/19, 10:52:56.641, 12684531221546, vstest.console.dll, TestRunRequest:SendTestRunMessage: Starting.
TpTrace Information: 0 : 8484, 13, 2021/08/19, 10:52:56.642, 12684531223376, vstest.console.dll, TestRunRequest:SendTestRunMessage: Completed.
TpTrace Verbose: 0 : 8484, 13, 2021/08/19, 10:52:56.642, 12684531224693, vstest.console.dll, TcpClientExtensions.MessageLoopAsync: Polling on remoteEndPoint: 127.0.0.1:49937 localEndPoint: 127.0.0.1:49936
TpTrace Verbose: 0 : 8484, 13, 2021/08/19, 10:52:56.646, 12684531268930, vstest.console.dll, TcpClientExtensions.MessageLoopAsync: NotifyDataAvailable remoteEndPoint: 127.0.0.1:49937 localEndPoint: 127.0.0.1:49936
TpTrace Verbose: 0 : 8484, 13, 2021/08/19, 10:52:56.646, 12684531271261, vstest.console.dll, TestRequestSender.OnExecutionMessageReceived: Received message: {"Version":5,"MessageType":"TestSession.Message","Payload":{"MessageLevel":0,"Message":"[xUnit.net 00:00:02.63]   Starting:    Conversion.Tests"}}
TpTrace Verbose: 0 : 8484, 13, 2021/08/19, 10:52:56.647, 12684531274687, vstest.console.dll, TestRunRequest:SendTestRunMessage: Starting.
TpTrace Information: 0 : 8484, 13, 2021/08/19, 10:52:56.647, 12684531276348, vstest.console.dll, TestRunRequest:SendTestRunMessage: Completed.
TpTrace Verbose: 0 : 8484, 13, 2021/08/19, 10:52:56.647, 12684531277479, vstest.console.dll, TcpClientExtensions.MessageLoopAsync: Polling on remoteEndPoint: 127.0.0.1:49937 localEndPoint: 127.0.0.1:49936
TpTrace Verbose: 0 : 8484, 13, 2021/08/19, 10:52:56.810, 12684532904550, vstest.console.dll, TcpClientExtensions.MessageLoopAsync: NotifyDataAvailable remoteEndPoint: 127.0.0.1:49937 localEndPoint: 127.0.0.1:49936
TpTrace Verbose: 0 : 8484, 13, 2021/08/19, 10:52:56.810, 12684532907256, vstest.console.dll, TestRequestSender.OnExecutionMessageReceived: Received message: {"Version":5,"MessageType":"TestExecution.StatsChange","Payload":{"NewTestResults":[],"TestRunStatistics":{"ExecutedTests":0,"Stats":{}},"ActiveTests":[{"Id":"416c981c-af58-003d-05c4-3af70b7d8a70","FullyQualifiedName":"Conversion.Tests.SampleCalcTests.CanCallSampleCalculator","DisplayName":"Conversion.Tests.SampleCalcTests.CanCallSampleCalculator","ExecutorUri":"executor://xunit/VsTestRunner2/netcoreapp","Source":"E:\\.Net Workspace\\Koch\\Conversion\\Conversion.Tests\\bin\\Debug\\netcoreapp3.1\\fine-code-coverage\\build-output\\Conversion.Tests.dll","CodeFilePath":null,"LineNumber":0,"Properties":[]}]}}
TpTrace Verbose: 0 : 8484, 13, 2021/08/19, 10:52:56.836, 12684533168196, vstest.console.dll, TestRunRequest:SendTestRunStatsChange: Starting.
TpTrace Verbose: 0 : 8484, 13, 2021/08/19, 10:52:56.836, 12684533170483, vstest.console.dll, InProgress is Conversion.Tests.SampleCalcTests.CanCallSampleCalculator
TpTrace Information: 0 : 8484, 13, 2021/08/19, 10:52:56.836, 12684533172523, vstest.console.dll, TestRunRequest:SendTestRunStatsChange: Completed.
TpTrace Verbose: 0 : 8484, 13, 2021/08/19, 10:52:56.837, 12684533173440, vstest.console.dll, TcpClientExtensions.MessageLoopAsync: Polling on remoteEndPoint: 127.0.0.1:49937 localEndPoint: 127.0.0.1:49936
TpTrace Verbose: 0 : 8484, 13, 2021/08/19, 10:52:56.938, 12684534185072, vstest.console.dll, TcpClientExtensions.MessageLoopAsync: NotifyDataAvailable remoteEndPoint: 127.0.0.1:49937 localEndPoint: 127.0.0.1:49936
TpTrace Verbose: 0 : 8484, 13, 2021/08/19, 10:52:56.938, 12684534187500, vstest.console.dll, TestRequestSender.OnExecutionMessageReceived: Received message: {"Version":5,"MessageType":"TestSession.Message","Payload":{"MessageLevel":2,"Message":"[xUnit.net 00:00:02.92]     Conversion.Tests.ConversionUtilityTests.CannotCallToSafeIntWithInputAndDefaultValueWithInvalidInput(value: null) [FAIL]"}}
TpTrace Verbose: 0 : 8484, 13, 2021/08/19, 10:52:56.938, 12684534191059, vstest.console.dll, TestRunRequest:SendTestRunMessage: Starting.
TpTrace Information: 0 : 8484, 13, 2021/08/19, 10:52:56.938, 12684534192692, vstest.console.dll, TestRunRequest:SendTestRunMessage: Completed.
TpTrace Verbose: 0 : 8484, 13, 2021/08/19, 10:52:56.939, 12684534193850, vstest.console.dll, TcpClientExtensions.MessageLoopAsync: Polling on remoteEndPoint: 127.0.0.1:49937 localEndPoint: 127.0.0.1:49936
TpTrace Verbose: 0 : 8484, 13, 2021/08/19, 10:52:56.940, 12684534207231, vstest.console.dll, TcpClientExtensions.MessageLoopAsync: NotifyDataAvailable remoteEndPoint: 127.0.0.1:49937 localEndPoint: 127.0.0.1:49936
TpTrace Verbose: 0 : 8484, 13, 2021/08/19, 10:52:56.940, 12684534209266, vstest.console.dll, TestRequestSender.OnExecutionMessageReceived: Received message: {"Version":5,"MessageType":"TestSession.Message","Payload":{"MessageLevel":0,"Message":"[xUnit.net 00:00:02.93]       Assert.Throws() Failure"}}
TpTrace Verbose: 0 : 8484, 13, 2021/08/19, 10:52:56.940, 12684534212562, vstest.console.dll, TestRunRequest:SendTestRunMessage: Starting.
TpTrace Information: 0 : 8484, 13, 2021/08/19, 10:52:56.941, 12684534214946, vstest.console.dll, TestRunRequest:SendTestRunMessage: Completed.
TpTrace Verbose: 0 : 8484, 13, 2021/08/19, 10:52:56.941, 12684534216242, vstest.console.dll, TcpClientExtensions.MessageLoopAsync: Polling on remoteEndPoint: 127.0.0.1:49937 localEndPoint: 127.0.0.1:49936
TpTrace Verbose: 0 : 8484, 13, 2021/08/19, 10:52:56.941, 12684534217468, vstest.console.dll, TcpClientExtensions.MessageLoopAsync: NotifyDataAvailable remoteEndPoint: 127.0.0.1:49937 localEndPoint: 127.0.0.1:49936
TpTrace Verbose: 0 : 8484, 13, 2021/08/19, 10:52:56.941, 12684534219046, vstest.console.dll, TestRequestSender.OnExecutionMessageReceived: Received message: {"Version":5,"MessageType":"TestSession.Message","Payload":{"MessageLevel":0,"Message":"[xUnit.net 00:00:02.93]       Expected: typeof(System.ArgumentNullException)"}}
TpTrace Verbose: 0 : 8484, 13, 2021/08/19, 10:52:56.941, 12684534221757, vstest.console.dll, TestRunRequest:SendTestRunMessage: Starting.
TpTrace Information: 0 : 8484, 13, 2021/08/19, 10:52:56.942, 12684534223242, vstest.console.dll, TestRunRequest:SendTestRunMessage: Completed.
TpTrace Verbose: 0 : 8484, 13, 2021/08/19, 10:52:56.942, 12684534224289, vstest.console.dll, TcpClientExtensions.MessageLoopAsync: Polling on remoteEndPoint: 127.0.0.1:49937 localEndPoint: 127.0.0.1:49936
TpTrace Verbose: 0 : 8484, 13, 2021/08/19, 10:52:56.942, 12684534225415, vstest.console.dll, TcpClientExtensions.MessageLoopAsync: NotifyDataAvailable remoteEndPoint: 127.0.0.1:49937 localEndPoint: 127.0.0.1:49936
TpTrace Verbose: 0 : 8484, 13, 2021/08/19, 10:52:56.942, 12684534226810, vstest.console.dll, TestRequestSender.OnExecutionMessageReceived: Received message: {"Version":5,"MessageType":"TestSession.Message","Payload":{"MessageLevel":0,"Message":"[xUnit.net 00:00:02.93]       Actual:   (No exception was thrown)"}}
TpTrace Verbose: 0 : 8484, 13, 2021/08/19, 10:52:56.942, 12684534229075, vstest.console.dll, TestRunRequest:SendTestRunMessage: Starting.
TpTrace Information: 0 : 8484, 13, 2021/08/19, 10:52:56.942, 12684534230457, vstest.console.dll, TestRunRequest:SendTestRunMessage: Completed.
TpTrace Verbose: 0 : 8484, 13, 2021/08/19, 10:52:56.942, 12684534231662, vstest.console.dll, TcpClientExtensions.MessageLoopAsync: Polling on remoteEndPoint: 127.0.0.1:49937 localEndPoint: 127.0.0.1:49936
TpTrace Verbose: 0 : 8484, 13, 2021/08/19, 10:52:56.943, 12684534237398, vstest.console.dll, TcpClientExtensions.MessageLoopAsync: NotifyDataAvailable remoteEndPoint: 127.0.0.1:49937 localEndPoint: 127.0.0.1:49936
TpTrace Verbose: 0 : 8484, 13, 2021/08/19, 10:52:56.943, 12684534239190, vstest.console.dll, TestRequestSender.OnExecutionMessageReceived: Received message: {"Version":5,"MessageType":"TestSession.Message","Payload":{"MessageLevel":0,"Message":"[xUnit.net 00:00:02.93]       Stack Trace:"}}
TpTrace Verbose: 0 : 8484, 13, 2021/08/19, 10:52:56.943, 12684534241826, vstest.console.dll, TestRunRequest:SendTestRunMessage: Starting.
TpTrace Information: 0 : 8484, 13, 2021/08/19, 10:52:56.944, 12684534243242, vstest.console.dll, TestRunRequest:SendTestRunMessage: Completed.
TpTrace Verbose: 0 : 8484, 13, 2021/08/19, 10:52:56.944, 12684534244310, vstest.console.dll, TcpClientExtensions.MessageLoopAsync: Polling on remoteEndPoint: 127.0.0.1:49937 localEndPoint: 127.0.0.1:49936
TpTrace Verbose: 0 : 8484, 13, 2021/08/19, 10:52:56.945, 12684534253564, vstest.console.dll, TcpClientExtensions.MessageLoopAsync: NotifyDataAvailable remoteEndPoint: 127.0.0.1:49937 localEndPoint: 127.0.0.1:49936
TpTrace Verbose: 0 : 8484, 13, 2021/08/19, 10:52:56.945, 12684534255562, vstest.console.dll, TestRequestSender.OnExecutionMessageReceived: Received message: {"Version":5,"MessageType":"TestSession.Message","Payload":{"MessageLevel":0,"Message":"[xUnit.net 00:00:02.93]         E:\\.Net Workspace\\Koch\\Conversion\\Conversion.Tests\\ConversionUtilityTests.cs(41,0): at Conversion.Tests.ConversionUtilityTests.CannotCallToSafeIntWithInputAndDefaultValueWithInvalidInput(String value)"}}
TpTrace Verbose: 0 : 8484, 13, 2021/08/19, 10:52:56.945, 12684534258370, vstest.console.dll, TestRunRequest:SendTestRunMessage: Starting.
TpTrace Information: 0 : 8484, 13, 2021/08/19, 10:52:56.945, 12684534259907, vstest.console.dll, TestRunRequest:SendTestRunMessage: Completed.
TpTrace Verbose: 0 : 8484, 13, 2021/08/19, 10:52:56.945, 12684534261159, vstest.console.dll, TcpClientExtensions.MessageLoopAsync: Polling on remoteEndPoint: 127.0.0.1:49937 localEndPoint: 127.0.0.1:49936
TpTrace Verbose: 0 : 8484, 13, 2021/08/19, 10:52:56.950, 12684534309222, vstest.console.dll, TcpClientExtensions.MessageLoopAsync: NotifyDataAvailable remoteEndPoint: 127.0.0.1:49937 localEndPoint: 127.0.0.1:49936
TpTrace Verbose: 0 : 8484, 13, 2021/08/19, 10:52:56.950, 12684534311440, vstest.console.dll, TestRequestSender.OnExecutionMessageReceived: Received message: {"Version":5,"MessageType":"TestSession.Message","Payload":{"MessageLevel":2,"Message":"[xUnit.net 00:00:02.94]     Conversion.Tests.ConversionUtilityTests.CannotCallToSafeIntWithInputAndDefaultValueWithInvalidInput(value: \"   \") [FAIL]"}}
TpTrace Verbose: 0 : 8484, 13, 2021/08/19, 10:52:56.951, 12684534314500, vstest.console.dll, TestRunRequest:SendTestRunMessage: Starting.
TpTrace Information: 0 : 8484, 13, 2021/08/19, 10:52:56.951, 12684534316079, vstest.console.dll, TestRunRequest:SendTestRunMessage: Completed.
TpTrace Verbose: 0 : 8484, 13, 2021/08/19, 10:52:56.951, 12684534317542, vstest.console.dll, TcpClientExtensions.MessageLoopAsync: Polling on remoteEndPoint: 127.0.0.1:49937 localEndPoint: 127.0.0.1:49936
TpTrace Verbose: 0 : 8484, 13, 2021/08/19, 10:52:56.951, 12684534318844, vstest.console.dll, TcpClientExtensions.MessageLoopAsync: NotifyDataAvailable remoteEndPoint: 127.0.0.1:49937 localEndPoint: 127.0.0.1:49936
TpTrace Verbose: 0 : 8484, 13, 2021/08/19, 10:52:56.951, 12684534320372, vstest.console.dll, TestRequestSender.OnExecutionMessageReceived: Received message: {"Version":5,"MessageType":"TestSession.Message","Payload":{"MessageLevel":0,"Message":"[xUnit.net 00:00:02.94]       Assert.Throws() Failure"}}
TpTrace Verbose: 0 : 8484, 13, 2021/08/19, 10:52:56.952, 12684534323271, vstest.console.dll, TestRunRequest:SendTestRunMessage: Starting.
TpTrace Information: 0 : 8484, 13, 2021/08/19, 10:52:56.952, 12684534324769, vstest.console.dll, TestRunRequest:SendTestRunMessage: Completed.
TpTrace Verbose: 0 : 8484, 13, 2021/08/19, 10:52:56.952, 12684534325886, vstest.console.dll, TcpClientExtensions.MessageLoopAsync: Polling on remoteEndPoint: 127.0.0.1:49937 localEndPoint: 127.0.0.1:49936
TpTrace Verbose: 0 : 8484, 13, 2021/08/19, 10:52:56.952, 12684534327080, vstest.console.dll, TcpClientExtensions.MessageLoopAsync: NotifyDataAvailable remoteEndPoint: 127.0.0.1:49937 localEndPoint: 127.0.0.1:49936
TpTrace Verbose: 0 : 8484, 13, 2021/08/19, 10:52:56.952, 12684534328808, vstest.console.dll, TestRequestSender.OnExecutionMessageReceived: Received message: {"Version":5,"MessageType":"TestSession.Message","Payload":{"MessageLevel":0,"Message":"[xUnit.net 00:00:02.94]       Expected: typeof(System.ArgumentNullException)"}}
TpTrace Verbose: 0 : 8484, 13, 2021/08/19, 10:52:56.952, 12684534330845, vstest.console.dll, TestRunRequest:SendTestRunMessage: Starting.
TpTrace Information: 0 : 8484, 13, 2021/08/19, 10:52:56.952, 12684534332581, vstest.console.dll, TestRunRequest:SendTestRunMessage: Completed.
TpTrace Verbose: 0 : 8484, 13, 2021/08/19, 10:52:56.953, 12684534335179, vstest.console.dll, TcpClientExtensions.MessageLoopAsync: Polling on remoteEndPoint: 127.0.0.1:49937 localEndPoint: 127.0.0.1:49936
TpTrace Verbose: 0 : 8484, 13, 2021/08/19, 10:52:56.953, 12684534336544, vstest.console.dll, TcpClientExtensions.MessageLoopAsync: NotifyDataAvailable remoteEndPoint: 127.0.0.1:49937 localEndPoint: 127.0.0.1:49936
TpTrace Verbose: 0 : 8484, 13, 2021/08/19, 10:52:56.953, 12684534337994, vstest.console.dll, TestRequestSender.OnExecutionMessageReceived: Received message: {"Version":5,"MessageType":"TestSession.Message","Payload":{"MessageLevel":0,"Message":"[xUnit.net 00:00:02.94]       Actual:   (No exception was thrown)"}}
TpTrace Verbose: 0 : 8484, 13, 2021/08/19, 10:52:56.953, 12684534340286, vstest.console.dll, TestRunRequest:SendTestRunMessage: Starting.
TpTrace Information: 0 : 8484, 13, 2021/08/19, 10:52:56.953, 12684534342062, vstest.console.dll, TestRunRequest:SendTestRunMessage: Completed.
TpTrace Verbose: 0 : 8484, 13, 2021/08/19, 10:52:56.954, 12684534343146, vstest.console.dll, TcpClientExtensions.MessageLoopAsync: Polling on remoteEndPoint: 127.0.0.1:49937 localEndPoint: 127.0.0.1:49936
TpTrace Verbose: 0 : 8484, 13, 2021/08/19, 10:52:56.954, 12684534343909, vstest.console.dll, TcpClientExtensions.MessageLoopAsync: NotifyDataAvailable remoteEndPoint: 127.0.0.1:49937 localEndPoint: 127.0.0.1:49936
TpTrace Verbose: 0 : 8484, 13, 2021/08/19, 10:52:56.954, 12684534344838, vstest.console.dll, TestRequestSender.OnExecutionMessageReceived: Received message: {"Version":5,"MessageType":"TestSession.Message","Payload":{"MessageLevel":0,"Message":"[xUnit.net 00:00:02.94]       Stack Trace:"}}
TpTrace Verbose: 0 : 8484, 13, 2021/08/19, 10:52:56.954, 12684534346322, vstest.console.dll, TestRunRequest:SendTestRunMessage: Starting.
TpTrace Information: 0 : 8484, 13, 2021/08/19, 10:52:56.954, 12684534347313, vstest.console.dll, TestRunRequest:SendTestRunMessage: Completed.
TpTrace Verbose: 0 : 8484, 13, 2021/08/19, 10:52:56.954, 12684534348456, vstest.console.dll, TcpClientExtensions.MessageLoopAsync: Polling on remoteEndPoint: 127.0.0.1:49937 localEndPoint: 127.0.0.1:49936
TpTrace Verbose: 0 : 8484, 13, 2021/08/19, 10:52:56.954, 12684534349225, vstest.console.dll, TcpClientExtensions.MessageLoopAsync: NotifyDataAvailable remoteEndPoint: 127.0.0.1:49937 localEndPoint: 127.0.0.1:49936
TpTrace Verbose: 0 : 8484, 13, 2021/08/19, 10:52:56.954, 12684534350250, vstest.console.dll, TestRequestSender.OnExecutionMessageReceived: Received message: {"Version":5,"MessageType":"TestSession.Message","Payload":{"MessageLevel":0,"Message":"[xUnit.net 00:00:02.94]         E:\\.Net Workspace\\Koch\\Conversion\\Conversion.Tests\\ConversionUtilityTests.cs(41,0): at Conversion.Tests.ConversionUtilityTests.CannotCallToSafeIntWithInputAndDefaultValueWithInvalidInput(String value)"}}
TpTrace Verbose: 0 : 8484, 13, 2021/08/19, 10:52:56.954, 12684534352546, vstest.console.dll, TestRunRequest:SendTestRunMessage: Starting.
TpTrace Information: 0 : 8484, 13, 2021/08/19, 10:52:56.955, 12684534354076, vstest.console.dll, TestRunRequest:SendTestRunMessage: Completed.
TpTrace Verbose: 0 : 8484, 13, 2021/08/19, 10:52:56.955, 12684534355195, vstest.console.dll, TcpClientExtensions.MessageLoopAsync: Polling on remoteEndPoint: 127.0.0.1:49937 localEndPoint: 127.0.0.1:49936
TpTrace Verbose: 0 : 8484, 13, 2021/08/19, 10:52:56.981, 12684534615288, vstest.console.dll, TcpClientExtensions.MessageLoopAsync: NotifyDataAvailable remoteEndPoint: 127.0.0.1:49937 localEndPoint: 127.0.0.1:49936
TpTrace Verbose: 0 : 8484, 13, 2021/08/19, 10:52:56.981, 12684534621089, vstest.console.dll, TestRequestSender.OnExecutionMessageReceived: Received message: {"Version":5,"MessageType":"TestExecution.StatsChange","Payload":{"NewTestResults":[{"TestCase":{"Id":"d7585c0b-5aed-5d77-d351-bd0b96cf1b3e","FullyQualifiedName":"Conversion.Tests.ProgramTests.CanCallMain","DisplayName":"Conversion.Tests.ProgramTests.CanCallMain","ExecutorUri":"executor://xunit/VsTestRunner2/netcoreapp","Source":"E:\\.Net Workspace\\Koch\\Conversion\\Conversion.Tests\\bin\\Debug\\netcoreapp3.1\\fine-code-coverage\\build-output\\Conversion.Tests.dll","CodeFilePath":null,"LineNumber":0,"Properties":[]},"Attachments":[],"Outcome":1,"ErrorMessage":null,"ErrorStackTrace":null,"DisplayName":"Conversion.Tests.ProgramTests.CanCallMain","Messages":[],"ComputerName":"LAPTOP-BDVGEQAL","Duration":"00:00:00.0075985","StartTime":"2021-08-19T05:22:56.867476+00:00","EndTime":"2021-08-19T05:22:56.8676282+00:00","Properties":[]},{"TestCase":{"Id":"416c981c-af58-003d-05c4-3af70b7d8a70","FullyQualifiedName":"Conversion.Tests.SampleCalcTests.CanCallSampleCalculator","DisplayName":"Conversion.Tests.SampleCalcTests.CanCallSampleCalculator","ExecutorUri":"executor://xunit/VsTestRunner2/netcoreapp","Source":"E:\\.Net Workspace\\Koch\\Conversion\\Conversion.Tests\\bin\\Debug\\netcoreapp3.1\\fine-code-coverage\\build-output\\Conversion.Tests.dll","CodeFilePath":null,"LineNumber":0,"Properties":[]},"Attachments":[],"Outcome":1,"ErrorMessage":null,"ErrorStackTrace":null,"DisplayName":"Conversion.Tests.SampleCalcTests.CanCallSampleCalculator","Messages":[],"ComputerName":"LAPTOP-BDVGEQAL","Duration":"00:00:00.0076507","StartTime":"2021-08-19T05:22:56.9056181+00:00","EndTime":"2021-08-19T05:22:56.9056201+00:00","Properties":[]},{"TestCase":{"Id":"a7d1e5d5-1fc6-65b2-dee2-b56b7143cce8","FullyQualifiedName":"Conversion.Tests.ConversionUtilityTests.CanCallToSafeIntWithInputAndDefaultValue","DisplayName":"Conversion.Tests.ConversionUtilityTests.CanCallToSafeIntWithInputAndDefaultValue","ExecutorUri":"executor://xunit/VsTestRunner2/netcoreapp","Source":"E:\\.Net Workspace\\Koch\\Conversion\\Conversion.Tests\\bin\\Debug\\netcoreapp3.1\\fine-code-coverage\\build-output\\Conversion.Tests.dll","CodeFilePath":null,"LineNumber":0,"Properties":[]},"Attachments":[],"Outcome":1,"ErrorMessage":null,"ErrorStackTrace":null,"DisplayName":"Conversion.Tests.ConversionUtilityTests.CanCallToSafeIntWithInputAndDefaultValue","Messages":[],"ComputerName":"LAPTOP-BDVGEQAL","Duration":"00:00:00.0096609","StartTime":"2021-08-19T05:22:56.908305+00:00","EndTime":"2021-08-19T05:22:56.9083061+00:00","Properties":[]},{"TestCase":{"Id":"ee036cb6-f924-379e-827f-6bf84777f707","FullyQualifiedName":"Conversion.Tests.SampleCalcTests.CannotCallSampleCalculatorWithNullInput","DisplayName":"Conversion.Tests.SampleCalcTests.CannotCallSampleCalculatorWithNullInput","ExecutorUri":"executor://xunit/VsTestRunner2/netcoreapp","Source":"E:\\.Net Workspace\\Koch\\Conversion\\Conversion.Tests\\bin\\Debug\\netcoreapp3.1\\fine-code-coverage\\build-output\\Conversion.Tests.dll","CodeFilePath":null,"LineNumber":0,"Properties":[]},"Attachments":[],"Outcome":1,"ErrorMessage":null,"ErrorStackTrace":null,"DisplayName":"Conversion.Tests.SampleCalcTests.CannotCallSampleCalculatorWithNullInput","Messages":[],"ComputerName":"LAPTOP-BDVGEQAL","Duration":"00:00:00.0019341","StartTime":"2021-08-19T05:22:56.9184244+00:00","EndTime":"2021-08-19T05:22:56.9184274+00:00","Properties":[]},{"TestCase":{"Id":"b09a8d21-9968-25d9-33a2-a6db2250af40","FullyQualifiedName":"Conversion.Tests.SampleCalcTests.CanConstruct","DisplayName":"Conversion.Tests.SampleCalcTests.CanConstruct","ExecutorUri":"executor://xunit/VsTestRunner2/netcoreapp","Source":"E:\\.Net Workspace\\Koch\\Conversion\\Conversion.Tests\\bin\\Debug\\netcoreapp3.1\\fine-code-coverage\\build-output\\Conversion.Tests.dll","CodeFilePath":null,"LineNumber":0,"Properties":[]},"Attachments":[],"Outcome":1,"ErrorMessage":null,"ErrorStackTrace":null,"DisplayName":"Conversion.Tests.SampleCalcTests.CanConstruct","Messages":[],"ComputerName":"LAPTOP-BDVGEQAL","Duration":"00:00:00.0003168","StartTime":"2021-08-19T05:22:56.9216045+00:00","EndTime":"2021-08-19T05:22:56.9216109+00:00","Properties":[]},{"TestCase":{"Id":"dea2c501-9f3d-eff6-e435-0b578ef980c0","FullyQualifiedName":"Conversion.Tests.ProgramTests.CanCallConvMethod","DisplayName":"Conversion.Tests.ProgramTests.CanCallConvMethod","ExecutorUri":"executor://xunit/VsTestRunner2/netcoreapp","Source":"E:\\.Net Workspace\\Koch\\Conversion\\Conversion.Tests\\bin\\Debug\\netcoreapp3.1\\fine-code-coverage\\build-output\\Conversion.Tests.dll","CodeFilePath":null,"LineNumber":0,"Properties":[]},"Attachments":[],"Outcome":1,"ErrorMessage":null,"ErrorStackTrace":null,"DisplayName":"Conversion.Tests.ProgramTests.CanCallConvMethod","Messages":[],"ComputerName":"LAPTOP-BDVGEQAL","Duration":"00:00:00.0043500","StartTime":"2021-08-19T05:22:56.9232616+00:00","EndTime":"2021-08-19T05:22:56.923263+00:00","Properties":[]},{"TestCase":{"Id":"35196938-9fb7-6ff6-40ac-9c5ae6fb2269","FullyQualifiedName":"Conversion.Tests.ProgramTests.CanConstruct","DisplayName":"Conversion.Tests.ProgramTests.CanConstruct","ExecutorUri":"executor://xunit/VsTestRunner2/netcoreapp","Source":"E:\\.Net Workspace\\Koch\\Conversion\\Conversion.Tests\\bin\\Debug\\netcoreapp3.1\\fine-code-coverage\\build-output\\Conversion.Tests.dll","CodeFilePath":null,"LineNumber":0,"Properties":[]},"Attachments":[],"Outcome":1,"ErrorMessage":null,"ErrorStackTrace":null,"DisplayName":"Conversion.Tests.ProgramTests.CanConstruct","Messages":[],"ComputerName":"LAPTOP-BDVGEQAL","Duration":"00:00:00.0002196","StartTime":"2021-08-19T05:22:56.9263185+00:00","EndTime":"2021-08-19T05:22:56.9263211+00:00","Properties":[]},{"TestCase":{"Id":"b057b29d-e675-8486-6035-12db06a65064","FullyQualifiedName":"Conversion.Tests.ConversionUtilityTests.CannotCallToSafeIntWithInputAndDefaultValueWithInvalidInput","DisplayName":"Conversion.Tests.ConversionUtilityTests.CannotCallToSafeIntWithInputAndDefaultValueWithInvalidInput(value: null)","ExecutorUri":"executor://xunit/VsTestRunner2/netcoreapp","Source":"E:\\.Net Workspace\\Koch\\Conversion\\Conversion.Tests\\bin\\Debug\\netcoreapp3.1\\fine-code-coverage\\build-output\\Conversion.Tests.dll","CodeFilePath":null,"LineNumber":0,"Properties":[]},"Attachments":[],"Outcome":2,"ErrorMessage":"Assert.Throws() Failure\r\nExpected: typeof(System.ArgumentNullException)\r\nActual:   (No exception was thrown)","ErrorStackTrace":"   at Conversion.Tests.ConversionUtilityTests.CannotCallToSafeIntWithInputAndDefaultValueWithInvalidInput(String value) in E:\\.Net Workspace\\Koch\\Conversion\\Conversion.Tests\\ConversionUtilityTests.cs:line 41","DisplayName":"Conversion.Tests.ConversionUtilityTests.CannotCallToSafeIntWithInputAndDefaultValueWithInvalidInput(value: null)","Messages":[],"ComputerName":"LAPTOP-BDVGEQAL","Duration":"00:00:00.0131716","StartTime":"2021-08-19T05:22:56.9469488+00:00","EndTime":"2021-08-19T05:22:56.9469518+00:00","Properties":[]},{"TestCase":{"Id":"4825af4a-f2f5-5beb-0d77-61edcf23d5bd","FullyQualifiedName":"Conversion.Tests.ConversionUtilityTests.CannotCallToSafeIntWithInputAndDefaultValueWithInvalidInput","DisplayName":"Conversion.Tests.ConversionUtilityTests.CannotCallToSafeIntWithInputAndDefaultValueWithInvalidInput(value: \"   \")","ExecutorUri":"executor://xunit/VsTestRunner2/netcoreapp","Source":"E:\\.Net Workspace\\Koch\\Conversion\\Conversion.Tests\\bin\\Debug\\netcoreapp3.1\\fine-code-coverage\\build-output\\Conversion.Tests.dll","CodeFilePath":null,"LineNumber":0,"Properties":[]},"Attachments":[],"Outcome":2,"ErrorMessage":"Assert.Throws() Failure\r\nExpected: typeof(System.ArgumentNullException)\r\nActual:   (No exception was thrown)","ErrorStackTrace":"   at Conversion.Tests.ConversionUtilityTests.CannotCallToSafeIntWithInputAndDefaultValueWithInvalidInput(String value) in E:\\.Net Workspace\\Koch\\Conversion\\Conversion.Tests\\ConversionUtilityTests.cs:line 41","DisplayName":"Conversion.Tests.ConversionUtilityTests.CannotCallToSafeIntWithInputAndDefaultValueWithInvalidInput(value: \"   \")","Messages":[],"ComputerName":"LAPTOP-BDVGEQAL","Duration":"00:00:00.0005069","StartTime":"2021-08-19T05:22:56.9530814+00:00","EndTime":"2021-08-19T05:22:56.9530843+00:00","Properties":[]}],"TestRunStatistics":{"ExecutedTests":9,"Stats":{"Passed":7,"Failed":2}},"ActiveTests":[{"Id":"d2d0bac9-f31a-46e8-ddc6-b82b00d41387","FullyQualifiedName":"Conversion.Tests.ConversionUtilityTests.CannotCallToSafeIntWithInputAndDefaultValueWithInvalidInput","DisplayName":"Conversion.Tests.ConversionUtilityTests.CannotCallToSafeIntWithInputAndDefaultValueWithInvalidInput(value: \"\")","ExecutorUri":"executor://xunit/VsTestRunner2/netcoreapp","Source":"E:\\.Net Workspace\\Koch\\Conversion\\Conversion.Tests\\bin\\Debug\\netcoreapp3.1\\fine-code-coverage\\build-output\\Conversion.Tests.dll","CodeFilePath":null,"LineNumber":0,"Properties":[]}]}}
TpTrace Verbose: 0 : 8484, 13, 2021/08/19, 10:52:57.010, 12684534905562, vstest.console.dll, TestRunRequest:SendTestRunStatsChange: Starting.
TpTrace Verbose: 0 : 8484, 13, 2021/08/19, 10:52:57.010, 12684534907772, vstest.console.dll, InProgress is Conversion.Tests.ConversionUtilityTests.CannotCallToSafeIntWithInputAndDefaultValueWithInvalidInput(value: "")
TpTrace Information: 0 : 8484, 13, 2021/08/19, 10:52:57.010, 12684534912428, vstest.console.dll, TestRunRequest:SendTestRunStatsChange: Completed.
TpTrace Verbose: 0 : 8484, 13, 2021/08/19, 10:52:57.011, 12684534913883, vstest.console.dll, TcpClientExtensions.MessageLoopAsync: Polling on remoteEndPoint: 127.0.0.1:49937 localEndPoint: 127.0.0.1:49936
TpTrace Verbose: 0 : 8484, 13, 2021/08/19, 10:52:57.011, 12684534915193, vstest.console.dll, TcpClientExtensions.MessageLoopAsync: NotifyDataAvailable remoteEndPoint: 127.0.0.1:49937 localEndPoint: 127.0.0.1:49936
TpTrace Verbose: 0 : 8484, 13, 2021/08/19, 10:52:57.011, 12684534916772, vstest.console.dll, TestRequestSender.OnExecutionMessageReceived: Received message: {"Version":5,"MessageType":"TestSession.Message","Payload":{"MessageLevel":2,"Message":"[xUnit.net 00:00:02.97]     Conversion.Tests.ConversionUtilityTests.CannotCallToSafeIntWithInputAndDefaultValueWithInvalidInput(value: \"\") [FAIL]"}}
TpTrace Verbose: 0 : 8484, 13, 2021/08/19, 10:52:57.011, 12684534919529, vstest.console.dll, TestRunRequest:SendTestRunMessage: Starting.
TpTrace Information: 0 : 8484, 13, 2021/08/19, 10:52:57.011, 12684534921039, vstest.console.dll, TestRunRequest:SendTestRunMessage: Completed.
TpTrace Verbose: 0 : 8484, 13, 2021/08/19, 10:52:57.011, 12684534922075, vstest.console.dll, TcpClientExtensions.MessageLoopAsync: Polling on remoteEndPoint: 127.0.0.1:49937 localEndPoint: 127.0.0.1:49936
TpTrace Verbose: 0 : 8484, 13, 2021/08/19, 10:52:57.012, 12684534923786, vstest.console.dll, TcpClientExtensions.MessageLoopAsync: NotifyDataAvailable remoteEndPoint: 127.0.0.1:49937 localEndPoint: 127.0.0.1:49936
TpTrace Verbose: 0 : 8484, 13, 2021/08/19, 10:52:57.012, 12684534925451, vstest.console.dll, TestRequestSender.OnExecutionMessageReceived: Received message: {"Version":5,"MessageType":"TestSession.Message","Payload":{"MessageLevel":0,"Message":"[xUnit.net 00:00:02.97]       Assert.Throws() Failure"}}
TpTrace Verbose: 0 : 8484, 13, 2021/08/19, 10:52:57.012, 12684534927906, vstest.console.dll, TestRunRequest:SendTestRunMessage: Starting.
TpTrace Information: 0 : 8484, 13, 2021/08/19, 10:52:57.012, 12684534929346, vstest.console.dll, TestRunRequest:SendTestRunMessage: Completed.
TpTrace Verbose: 0 : 8484, 13, 2021/08/19, 10:52:57.012, 12684534930934, vstest.console.dll, TcpClientExtensions.MessageLoopAsync: Polling on remoteEndPoint: 127.0.0.1:49937 localEndPoint: 127.0.0.1:49936
TpTrace Verbose: 0 : 8484, 13, 2021/08/19, 10:52:57.012, 12684534932654, vstest.console.dll, TcpClientExtensions.MessageLoopAsync: NotifyDataAvailable remoteEndPoint: 127.0.0.1:49937 localEndPoint: 127.0.0.1:49936
TpTrace Verbose: 0 : 8484, 13, 2021/08/19, 10:52:57.013, 12684534934316, vstest.console.dll, TestRequestSender.OnExecutionMessageReceived: Received message: {"Version":5,"MessageType":"TestSession.Message","Payload":{"MessageLevel":0,"Message":"[xUnit.net 00:00:02.97]       Expected: typeof(System.ArgumentNullException)"}}
TpTrace Verbose: 0 : 8484, 13, 2021/08/19, 10:52:57.013, 12684534937055, vstest.console.dll, TestRunRequest:SendTestRunMessage: Starting.
TpTrace Information: 0 : 8484, 13, 2021/08/19, 10:52:57.013, 12684534938490, vstest.console.dll, TestRunRequest:SendTestRunMessage: Completed.
TpTrace Verbose: 0 : 8484, 13, 2021/08/19, 10:52:57.013, 12684534941234, vstest.console.dll, TcpClientExtensions.MessageLoopAsync: Polling on remoteEndPoint: 127.0.0.1:49937 localEndPoint: 127.0.0.1:49936
TpTrace Verbose: 0 : 8484, 13, 2021/08/19, 10:52:57.014, 12684534943211, vstest.console.dll, TcpClientExtensions.MessageLoopAsync: NotifyDataAvailable remoteEndPoint: 127.0.0.1:49937 localEndPoint: 127.0.0.1:49936
TpTrace Verbose: 0 : 8484, 13, 2021/08/19, 10:52:57.014, 12684534945095, vstest.console.dll, TestRequestSender.OnExecutionMessageReceived: Received message: {"Version":5,"MessageType":"TestSession.Message","Payload":{"MessageLevel":0,"Message":"[xUnit.net 00:00:02.97]       Actual:   (No exception was thrown)"}}
TpTrace Verbose: 0 : 8484, 13, 2021/08/19, 10:52:57.014, 12684534947978, vstest.console.dll, TestRunRequest:SendTestRunMessage: Starting.
TpTrace Information: 0 : 8484, 13, 2021/08/19, 10:52:57.014, 12684534949465, vstest.console.dll, TestRunRequest:SendTestRunMessage: Completed.
TpTrace Verbose: 0 : 8484, 13, 2021/08/19, 10:52:57.014, 12684534950702, vstest.console.dll, TcpClientExtensions.MessageLoopAsync: Polling on remoteEndPoint: 127.0.0.1:49937 localEndPoint: 127.0.0.1:49936
TpTrace Verbose: 0 : 8484, 13, 2021/08/19, 10:52:57.014, 12684534951959, vstest.console.dll, TcpClientExtensions.MessageLoopAsync: NotifyDataAvailable remoteEndPoint: 127.0.0.1:49937 localEndPoint: 127.0.0.1:49936
TpTrace Verbose: 0 : 8484, 13, 2021/08/19, 10:52:57.015, 12684534954134, vstest.console.dll, TestRequestSender.OnExecutionMessageReceived: Received message: {"Version":5,"MessageType":"TestSession.Message","Payload":{"MessageLevel":0,"Message":"[xUnit.net 00:00:02.97]       Stack Trace:"}}
TpTrace Verbose: 0 : 8484, 13, 2021/08/19, 10:52:57.015, 12684534956759, vstest.console.dll, TestRunRequest:SendTestRunMessage: Starting.
TpTrace Information: 0 : 8484, 13, 2021/08/19, 10:52:57.015, 12684534958186, vstest.console.dll, TestRunRequest:SendTestRunMessage: Completed.
TpTrace Verbose: 0 : 8484, 13, 2021/08/19, 10:52:57.015, 12684534959239, vstest.console.dll, TcpClientExtensions.MessageLoopAsync: Polling on remoteEndPoint: 127.0.0.1:49937 localEndPoint: 127.0.0.1:49936
TpTrace Verbose: 0 : 8484, 13, 2021/08/19, 10:52:57.015, 12684534960998, vstest.console.dll, TcpClientExtensions.MessageLoopAsync: NotifyDataAvailable remoteEndPoint: 127.0.0.1:49937 localEndPoint: 127.0.0.1:49936
TpTrace Verbose: 0 : 8484, 13, 2021/08/19, 10:52:57.016, 12684534963682, vstest.console.dll, TestRequestSender.OnExecutionMessageReceived: Received message: {"Version":5,"MessageType":"TestSession.Message","Payload":{"MessageLevel":0,"Message":"[xUnit.net 00:00:02.97]         E:\\.Net Workspace\\Koch\\Conversion\\Conversion.Tests\\ConversionUtilityTests.cs(41,0): at Conversion.Tests.ConversionUtilityTests.CannotCallToSafeIntWithInputAndDefaultValueWithInvalidInput(String value)"}}
TpTrace Verbose: 0 : 8484, 13, 2021/08/19, 10:52:57.016, 12684534966453, vstest.console.dll, TestRunRequest:SendTestRunMessage: Starting.
TpTrace Information: 0 : 8484, 13, 2021/08/19, 10:52:57.016, 12684534968729, vstest.console.dll, TestRunRequest:SendTestRunMessage: Completed.
TpTrace Verbose: 0 : 8484, 13, 2021/08/19, 10:52:57.016, 12684534969926, vstest.console.dll, TcpClientExtensions.MessageLoopAsync: Polling on remoteEndPoint: 127.0.0.1:49937 localEndPoint: 127.0.0.1:49936
TpTrace Verbose: 0 : 8484, 13, 2021/08/19, 10:52:57.016, 12684534971706, vstest.console.dll, TcpClientExtensions.MessageLoopAsync: NotifyDataAvailable remoteEndPoint: 127.0.0.1:49937 localEndPoint: 127.0.0.1:49936
TpTrace Verbose: 0 : 8484, 13, 2021/08/19, 10:52:57.017, 12684534973219, vstest.console.dll, TestRequestSender.OnExecutionMessageReceived: Received message: {"Version":5,"MessageType":"TestSession.Message","Payload":{"MessageLevel":2,"Message":"[xUnit.net 00:00:02.98]     Conversion.Tests.ConversionUtilityTests.CannotCallToSafeIntWithInputWithInvalidInput(value: \"\") [FAIL]"}}
TpTrace Verbose: 0 : 8484, 13, 2021/08/19, 10:52:57.017, 12684534975771, vstest.console.dll, TestRunRequest:SendTestRunMessage: Starting.
TpTrace Information: 0 : 8484, 13, 2021/08/19, 10:52:57.017, 12684534977683, vstest.console.dll, TestRunRequest:SendTestRunMessage: Completed.
TpTrace Verbose: 0 : 8484, 13, 2021/08/19, 10:52:57.017, 12684534980485, vstest.console.dll, TcpClientExtensions.MessageLoopAsync: Polling on remoteEndPoint: 127.0.0.1:49937 localEndPoint: 127.0.0.1:49936
TpTrace Verbose: 0 : 8484, 13, 2021/08/19, 10:52:57.017, 12684534981887, vstest.console.dll, TcpClientExtensions.MessageLoopAsync: NotifyDataAvailable remoteEndPoint: 127.0.0.1:49937 localEndPoint: 127.0.0.1:49936
TpTrace Verbose: 0 : 8484, 13, 2021/08/19, 10:52:57.018, 12684534983445, vstest.console.dll, TestRequestSender.OnExecutionMessageReceived: Received message: {"Version":5,"MessageType":"TestSession.Message","Payload":{"MessageLevel":0,"Message":"[xUnit.net 00:00:02.98]       Assert.Throws() Failure"}}
TpTrace Verbose: 0 : 8484, 13, 2021/08/19, 10:52:57.018, 12684534986074, vstest.console.dll, TestRunRequest:SendTestRunMessage: Starting.
TpTrace Information: 0 : 8484, 13, 2021/08/19, 10:52:57.018, 12684534987515, vstest.console.dll, TestRunRequest:SendTestRunMessage: Completed.
TpTrace Verbose: 0 : 8484, 13, 2021/08/19, 10:52:57.018, 12684534988673, vstest.console.dll, TcpClientExtensions.MessageLoopAsync: Polling on remoteEndPoint: 127.0.0.1:49937 localEndPoint: 127.0.0.1:49936
TpTrace Verbose: 0 : 8484, 13, 2021/08/19, 10:52:57.018, 12684534989918, vstest.console.dll, TcpClientExtensions.MessageLoopAsync: NotifyDataAvailable remoteEndPoint: 127.0.0.1:49937 localEndPoint: 127.0.0.1:49936
TpTrace Verbose: 0 : 8484, 13, 2021/08/19, 10:52:57.018, 12684534991588, vstest.console.dll, TestRequestSender.OnExecutionMessageReceived: Received message: {"Version":5,"MessageType":"TestSession.Message","Payload":{"MessageLevel":0,"Message":"[xUnit.net 00:00:02.98]       Expected: typeof(System.ArgumentNullException)"}}
TpTrace Verbose: 0 : 8484, 13, 2021/08/19, 10:52:57.019, 12684534993999, vstest.console.dll, TestRunRequest:SendTestRunMessage: Starting.
TpTrace Information: 0 : 8484, 13, 2021/08/19, 10:52:57.019, 12684534995365, vstest.console.dll, TestRunRequest:SendTestRunMessage: Completed.
TpTrace Verbose: 0 : 8484, 13, 2021/08/19, 10:52:57.019, 12684534996430, vstest.console.dll, TcpClientExtensions.MessageLoopAsync: Polling on remoteEndPoint: 127.0.0.1:49937 localEndPoint: 127.0.0.1:49936
TpTrace Verbose: 0 : 8484, 13, 2021/08/19, 10:52:57.019, 12684534997620, vstest.console.dll, TcpClientExtensions.MessageLoopAsync: NotifyDataAvailable remoteEndPoint: 127.0.0.1:49937 localEndPoint: 127.0.0.1:49936
TpTrace Verbose: 0 : 8484, 13, 2021/08/19, 10:52:57.019, 12684534999003, vstest.console.dll, TestRequestSender.OnExecutionMessageReceived: Received message: {"Version":5,"MessageType":"TestSession.Message","Payload":{"MessageLevel":0,"Message":"[xUnit.net 00:00:02.98]       Actual:   (No exception was thrown)"}}
TpTrace Verbose: 0 : 8484, 13, 2021/08/19, 10:52:57.020, 12684535005876, vstest.console.dll, TestRunRequest:SendTestRunMessage: Starting.
TpTrace Information: 0 : 8484, 13, 2021/08/19, 10:52:57.020, 12684535007419, vstest.console.dll, TestRunRequest:SendTestRunMessage: Completed.
TpTrace Verbose: 0 : 8484, 13, 2021/08/19, 10:52:57.020, 12684535008502, vstest.console.dll, TcpClientExtensions.MessageLoopAsync: Polling on remoteEndPoint: 127.0.0.1:49937 localEndPoint: 127.0.0.1:49936
TpTrace Verbose: 0 : 8484, 13, 2021/08/19, 10:52:57.020, 12684535009651, vstest.console.dll, TcpClientExtensions.MessageLoopAsync: NotifyDataAvailable remoteEndPoint: 127.0.0.1:49937 localEndPoint: 127.0.0.1:49936
TpTrace Verbose: 0 : 8484, 13, 2021/08/19, 10:52:57.020, 12684535011162, vstest.console.dll, TestRequestSender.OnExecutionMessageReceived: Received message: {"Version":5,"MessageType":"TestSession.Message","Payload":{"MessageLevel":0,"Message":"[xUnit.net 00:00:02.98]       Stack Trace:"}}
TpTrace Verbose: 0 : 8484, 13, 2021/08/19, 10:52:57.021, 12684535013411, vstest.console.dll, TestRunRequest:SendTestRunMessage: Starting.
TpTrace Information: 0 : 8484, 13, 2021/08/19, 10:52:57.021, 12684535015412, vstest.console.dll, TestRunRequest:SendTestRunMessage: Completed.
TpTrace Verbose: 0 : 8484, 13, 2021/08/19, 10:52:57.021, 12684535017563, vstest.console.dll, TcpClientExtensions.MessageLoopAsync: Polling on remoteEndPoint: 127.0.0.1:49937 localEndPoint: 127.0.0.1:49936
TpTrace Verbose: 0 : 8484, 13, 2021/08/19, 10:52:57.021, 12684535019104, vstest.console.dll, TcpClientExtensions.MessageLoopAsync: NotifyDataAvailable remoteEndPoint: 127.0.0.1:49937 localEndPoint: 127.0.0.1:49936
TpTrace Verbose: 0 : 8484, 13, 2021/08/19, 10:52:57.021, 12684535021119, vstest.console.dll, TestRequestSender.OnExecutionMessageReceived: Received message: {"Version":5,"MessageType":"TestSession.Message","Payload":{"MessageLevel":0,"Message":"[xUnit.net 00:00:02.98]         E:\\.Net Workspace\\Koch\\Conversion\\Conversion.Tests\\ConversionUtilityTests.cs(23,0): at Conversion.Tests.ConversionUtilityTests.CannotCallToSafeIntWithInputWithInvalidInput(String value)"}}
TpTrace Verbose: 0 : 8484, 13, 2021/08/19, 10:52:57.022, 12684535024421, vstest.console.dll, TestRunRequest:SendTestRunMessage: Starting.
TpTrace Information: 0 : 8484, 13, 2021/08/19, 10:52:57.022, 12684535026027, vstest.console.dll, TestRunRequest:SendTestRunMessage: Completed.
TpTrace Verbose: 0 : 8484, 13, 2021/08/19, 10:52:57.022, 12684535027279, vstest.console.dll, TcpClientExtensions.MessageLoopAsync: Polling on remoteEndPoint: 127.0.0.1:49937 localEndPoint: 127.0.0.1:49936
TpTrace Verbose: 0 : 8484, 13, 2021/08/19, 10:52:57.022, 12684535028587, vstest.console.dll, TcpClientExtensions.MessageLoopAsync: NotifyDataAvailable remoteEndPoint: 127.0.0.1:49937 localEndPoint: 127.0.0.1:49936
TpTrace Verbose: 0 : 8484, 13, 2021/08/19, 10:52:57.022, 12684535030215, vstest.console.dll, TestRequestSender.OnExecutionMessageReceived: Received message: {"Version":5,"MessageType":"TestSession.Message","Payload":{"MessageLevel":2,"Message":"[xUnit.net 00:00:02.98]     Conversion.Tests.ConversionUtilityTests.CannotCallToSafeIntWithInputWithInvalidInput(value: \"   \") [FAIL]"}}
TpTrace Verbose: 0 : 8484, 13, 2021/08/19, 10:52:57.023, 12684535032970, vstest.console.dll, TestRunRequest:SendTestRunMessage: Starting.
TpTrace Information: 0 : 8484, 13, 2021/08/19, 10:52:57.023, 12684535034493, vstest.console.dll, TestRunRequest:SendTestRunMessage: Completed.
TpTrace Verbose: 0 : 8484, 13, 2021/08/19, 10:52:57.023, 12684535035626, vstest.console.dll, TcpClientExtensions.MessageLoopAsync: Polling on remoteEndPoint: 127.0.0.1:49937 localEndPoint: 127.0.0.1:49936
TpTrace Verbose: 0 : 8484, 13, 2021/08/19, 10:52:57.023, 12684535036819, vstest.console.dll, TcpClientExtensions.MessageLoopAsync: NotifyDataAvailable remoteEndPoint: 127.0.0.1:49937 localEndPoint: 127.0.0.1:49936
TpTrace Verbose: 0 : 8484, 13, 2021/08/19, 10:52:57.023, 12684535038325, vstest.console.dll, TestRequestSender.OnExecutionMessageReceived: Received message: {"Version":5,"MessageType":"TestSession.Message","Payload":{"MessageLevel":0,"Message":"[xUnit.net 00:00:02.99]       Assert.Throws() Failure"}}
TpTrace Verbose: 0 : 8484, 13, 2021/08/19, 10:52:57.023, 12684535040910, vstest.console.dll, TestRunRequest:SendTestRunMessage: Starting.
TpTrace Information: 0 : 8484, 13, 2021/08/19, 10:52:57.023, 12684535042289, vstest.console.dll, TestRunRequest:SendTestRunMessage: Completed.
TpTrace Verbose: 0 : 8484, 13, 2021/08/19, 10:52:57.024, 12684535043364, vstest.console.dll, TcpClientExtensions.MessageLoopAsync: Polling on remoteEndPoint: 127.0.0.1:49937 localEndPoint: 127.0.0.1:49936
TpTrace Verbose: 0 : 8484, 13, 2021/08/19, 10:52:57.024, 12684535044495, vstest.console.dll, TcpClientExtensions.MessageLoopAsync: NotifyDataAvailable remoteEndPoint: 127.0.0.1:49937 localEndPoint: 127.0.0.1:49936
TpTrace Verbose: 0 : 8484, 13, 2021/08/19, 10:52:57.024, 12684535045893, vstest.console.dll, TestRequestSender.OnExecutionMessageReceived: Received message: {"Version":5,"MessageType":"TestSession.Message","Payload":{"MessageLevel":0,"Message":"[xUnit.net 00:00:02.99]       Expected: typeof(System.ArgumentNullException)"}}
TpTrace Verbose: 0 : 8484, 13, 2021/08/19, 10:52:57.024, 12684535048278, vstest.console.dll, TestRunRequest:SendTestRunMessage: Starting.
TpTrace Information: 0 : 8484, 13, 2021/08/19, 10:52:57.024, 12684535049721, vstest.console.dll, TestRunRequest:SendTestRunMessage: Completed.
TpTrace Verbose: 0 : 8484, 13, 2021/08/19, 10:52:57.024, 12684535050973, vstest.console.dll, TcpClientExtensions.MessageLoopAsync: Polling on remoteEndPoint: 127.0.0.1:49937 localEndPoint: 127.0.0.1:49936
TpTrace Verbose: 0 : 8484, 13, 2021/08/19, 10:52:57.024, 12684535052167, vstest.console.dll, TcpClientExtensions.MessageLoopAsync: NotifyDataAvailable remoteEndPoint: 127.0.0.1:49937 localEndPoint: 127.0.0.1:49936
TpTrace Verbose: 0 : 8484, 13, 2021/08/19, 10:52:57.025, 12684535053641, vstest.console.dll, TestRequestSender.OnExecutionMessageReceived: Received message: {"Version":5,"MessageType":"TestSession.Message","Payload":{"MessageLevel":0,"Message":"[xUnit.net 00:00:02.99]       Actual:   (No exception was thrown)"}}
TpTrace Verbose: 0 : 8484, 13, 2021/08/19, 10:52:57.025, 12684535056019, vstest.console.dll, TestRunRequest:SendTestRunMessage: Starting.
TpTrace Information: 0 : 8484, 13, 2021/08/19, 10:52:57.025, 12684535057384, vstest.console.dll, TestRunRequest:SendTestRunMessage: Completed.
TpTrace Verbose: 0 : 8484, 13, 2021/08/19, 10:52:57.025, 12684535058463, vstest.console.dll, TcpClientExtensions.MessageLoopAsync: Polling on remoteEndPoint: 127.0.0.1:49937 localEndPoint: 127.0.0.1:49936
TpTrace Verbose: 0 : 8484, 13, 2021/08/19, 10:52:57.025, 12684535059588, vstest.console.dll, TcpClientExtensions.MessageLoopAsync: NotifyDataAvailable remoteEndPoint: 127.0.0.1:49937 localEndPoint: 127.0.0.1:49936
TpTrace Verbose: 0 : 8484, 13, 2021/08/19, 10:52:57.025, 12684535061137, vstest.console.dll, TestRequestSender.OnExecutionMessageReceived: Received message: {"Version":5,"MessageType":"TestSession.Message","Payload":{"MessageLevel":0,"Message":"[xUnit.net 00:00:02.99]       Stack Trace:"}}
TpTrace Verbose: 0 : 8484, 13, 2021/08/19, 10:52:57.026, 12684535064070, vstest.console.dll, TestRunRequest:SendTestRunMessage: Starting.
TpTrace Information: 0 : 8484, 13, 2021/08/19, 10:52:57.026, 12684535065464, vstest.console.dll, TestRunRequest:SendTestRunMessage: Completed.
TpTrace Verbose: 0 : 8484, 13, 2021/08/19, 10:52:57.026, 12684535066533, vstest.console.dll, TcpClientExtensions.MessageLoopAsync: Polling on remoteEndPoint: 127.0.0.1:49937 localEndPoint: 127.0.0.1:49936
TpTrace Verbose: 0 : 8484, 13, 2021/08/19, 10:52:57.026, 12684535067716, vstest.console.dll, TcpClientExtensions.MessageLoopAsync: NotifyDataAvailable remoteEndPoint: 127.0.0.1:49937 localEndPoint: 127.0.0.1:49936
TpTrace Verbose: 0 : 8484, 13, 2021/08/19, 10:52:57.026, 12684535069241, vstest.console.dll, TestRequestSender.OnExecutionMessageReceived: Received message: {"Version":5,"MessageType":"TestSession.Message","Payload":{"MessageLevel":0,"Message":"[xUnit.net 00:00:02.99]         E:\\.Net Workspace\\Koch\\Conversion\\Conversion.Tests\\ConversionUtilityTests.cs(23,0): at Conversion.Tests.ConversionUtilityTests.CannotCallToSafeIntWithInputWithInvalidInput(String value)"}}
TpTrace Verbose: 0 : 8484, 13, 2021/08/19, 10:52:57.026, 12684535072014, vstest.console.dll, TestRunRequest:SendTestRunMessage: Starting.
TpTrace Information: 0 : 8484, 13, 2021/08/19, 10:52:57.027, 12684535073403, vstest.console.dll, TestRunRequest:SendTestRunMessage: Completed.
TpTrace Verbose: 0 : 8484, 13, 2021/08/19, 10:52:57.027, 12684535074488, vstest.console.dll, TcpClientExtensions.MessageLoopAsync: Polling on remoteEndPoint: 127.0.0.1:49937 localEndPoint: 127.0.0.1:49936
TpTrace Verbose: 0 : 8484, 13, 2021/08/19, 10:52:57.027, 12684535075691, vstest.console.dll, TcpClientExtensions.MessageLoopAsync: NotifyDataAvailable remoteEndPoint: 127.0.0.1:49937 localEndPoint: 127.0.0.1:49936
TpTrace Verbose: 0 : 8484, 13, 2021/08/19, 10:52:57.027, 12684535077161, vstest.console.dll, TestRequestSender.OnExecutionMessageReceived: Received message: {"Version":5,"MessageType":"TestSession.Message","Payload":{"MessageLevel":2,"Message":"[xUnit.net 00:00:03.00]     Conversion.Tests.ConversionUtilityTests.CannotCallToSafeIntWithInputWithInvalidInput(value: null) [FAIL]"}}
TpTrace Verbose: 0 : 8484, 13, 2021/08/19, 10:52:57.027, 12684535079693, vstest.console.dll, TestRunRequest:SendTestRunMessage: Starting.
TpTrace Information: 0 : 8484, 13, 2021/08/19, 10:52:57.027, 12684535081479, vstest.console.dll, TestRunRequest:SendTestRunMessage: Completed.
TpTrace Verbose: 0 : 8484, 13, 2021/08/19, 10:52:57.027, 12684535082558, vstest.console.dll, TcpClientExtensions.MessageLoopAsync: Polling on remoteEndPoint: 127.0.0.1:49937 localEndPoint: 127.0.0.1:49936
TpTrace Verbose: 0 : 8484, 13, 2021/08/19, 10:52:57.028, 12684535083655, vstest.console.dll, TcpClientExtensions.MessageLoopAsync: NotifyDataAvailable remoteEndPoint: 127.0.0.1:49937 localEndPoint: 127.0.0.1:49936
TpTrace Verbose: 0 : 8484, 13, 2021/08/19, 10:52:57.028, 12684535085066, vstest.console.dll, TestRequestSender.OnExecutionMessageReceived: Received message: {"Version":5,"MessageType":"TestSession.Message","Payload":{"MessageLevel":0,"Message":"[xUnit.net 00:00:03.00]       Assert.Throws() Failure"}}
TpTrace Verbose: 0 : 8484, 13, 2021/08/19, 10:52:57.028, 12684535087492, vstest.console.dll, TestRunRequest:SendTestRunMessage: Starting.
TpTrace Information: 0 : 8484, 13, 2021/08/19, 10:52:57.028, 12684535088867, vstest.console.dll, TestRunRequest:SendTestRunMessage: Completed.
TpTrace Verbose: 0 : 8484, 13, 2021/08/19, 10:52:57.028, 12684535089973, vstest.console.dll, TcpClientExtensions.MessageLoopAsync: Polling on remoteEndPoint: 127.0.0.1:49937 localEndPoint: 127.0.0.1:49936
TpTrace Verbose: 0 : 8484, 13, 2021/08/19, 10:52:57.028, 12684535091330, vstest.console.dll, TcpClientExtensions.MessageLoopAsync: NotifyDataAvailable remoteEndPoint: 127.0.0.1:49937 localEndPoint: 127.0.0.1:49936
TpTrace Verbose: 0 : 8484, 13, 2021/08/19, 10:52:57.028, 12684535092789, vstest.console.dll, TestRequestSender.OnExecutionMessageReceived: Received message: {"Version":5,"MessageType":"TestSession.Message","Payload":{"MessageLevel":0,"Message":"[xUnit.net 00:00:03.00]       Expected: typeof(System.ArgumentNullException)"}}
TpTrace Verbose: 0 : 8484, 13, 2021/08/19, 10:52:57.029, 12684535095190, vstest.console.dll, TestRunRequest:SendTestRunMessage: Starting.
TpTrace Information: 0 : 8484, 13, 2021/08/19, 10:52:57.029, 12684535096588, vstest.console.dll, TestRunRequest:SendTestRunMessage: Completed.
TpTrace Verbose: 0 : 8484, 13, 2021/08/19, 10:52:57.029, 12684535097639, vstest.console.dll, TcpClientExtensions.MessageLoopAsync: Polling on remoteEndPoint: 127.0.0.1:49937 localEndPoint: 127.0.0.1:49936
TpTrace Verbose: 0 : 8484, 13, 2021/08/19, 10:52:57.029, 12684535098792, vstest.console.dll, TcpClientExtensions.MessageLoopAsync: NotifyDataAvailable remoteEndPoint: 127.0.0.1:49937 localEndPoint: 127.0.0.1:49936
TpTrace Verbose: 0 : 8484, 13, 2021/08/19, 10:52:57.029, 12684535100090, vstest.console.dll, TestRequestSender.OnExecutionMessageReceived: Received message: {"Version":5,"MessageType":"TestSession.Message","Payload":{"MessageLevel":0,"Message":"[xUnit.net 00:00:03.00]       Actual:   (No exception was thrown)"}}
TpTrace Verbose: 0 : 8484, 13, 2021/08/19, 10:52:57.029, 12684535102535, vstest.console.dll, TestRunRequest:SendTestRunMessage: Starting.
TpTrace Information: 0 : 8484, 13, 2021/08/19, 10:52:57.030, 12684535103875, vstest.console.dll, TestRunRequest:SendTestRunMessage: Completed.
TpTrace Verbose: 0 : 8484, 13, 2021/08/19, 10:52:57.030, 12684535104941, vstest.console.dll, TcpClientExtensions.MessageLoopAsync: Polling on remoteEndPoint: 127.0.0.1:49937 localEndPoint: 127.0.0.1:49936
TpTrace Verbose: 0 : 8484, 13, 2021/08/19, 10:52:57.030, 12684535106039, vstest.console.dll, TcpClientExtensions.MessageLoopAsync: NotifyDataAvailable remoteEndPoint: 127.0.0.1:49937 localEndPoint: 127.0.0.1:49936
TpTrace Verbose: 0 : 8484, 13, 2021/08/19, 10:52:57.030, 12684535107438, vstest.console.dll, TestRequestSender.OnExecutionMessageReceived: Received message: {"Version":5,"MessageType":"TestSession.Message","Payload":{"MessageLevel":0,"Message":"[xUnit.net 00:00:03.00]       Stack Trace:"}}
TpTrace Verbose: 0 : 8484, 13, 2021/08/19, 10:52:57.030, 12684535109769, vstest.console.dll, TestRunRequest:SendTestRunMessage: Starting.
TpTrace Information: 0 : 8484, 13, 2021/08/19, 10:52:57.030, 12684535111267, vstest.console.dll, TestRunRequest:SendTestRunMessage: Completed.
TpTrace Verbose: 0 : 8484, 13, 2021/08/19, 10:52:57.030, 12684535112387, vstest.console.dll, TcpClientExtensions.MessageLoopAsync: Polling on remoteEndPoint: 127.0.0.1:49937 localEndPoint: 127.0.0.1:49936
TpTrace Verbose: 0 : 8484, 13, 2021/08/19, 10:52:57.031, 12684535113535, vstest.console.dll, TcpClientExtensions.MessageLoopAsync: NotifyDataAvailable remoteEndPoint: 127.0.0.1:49937 localEndPoint: 127.0.0.1:49936
TpTrace Verbose: 0 : 8484, 13, 2021/08/19, 10:52:57.031, 12684535115017, vstest.console.dll, TestRequestSender.OnExecutionMessageReceived: Received message: {"Version":5,"MessageType":"TestSession.Message","Payload":{"MessageLevel":0,"Message":"[xUnit.net 00:00:03.00]         E:\\.Net Workspace\\Koch\\Conversion\\Conversion.Tests\\ConversionUtilityTests.cs(23,0): at Conversion.Tests.ConversionUtilityTests.CannotCallToSafeIntWithInputWithInvalidInput(String value)"}}
TpTrace Verbose: 0 : 8484, 13, 2021/08/19, 10:52:57.031, 12684535118013, vstest.console.dll, TestRunRequest:SendTestRunMessage: Starting.
TpTrace Information: 0 : 8484, 13, 2021/08/19, 10:52:57.031, 12684535119391, vstest.console.dll, TestRunRequest:SendTestRunMessage: Completed.
TpTrace Verbose: 0 : 8484, 13, 2021/08/19, 10:52:57.031, 12684535120706, vstest.console.dll, TcpClientExtensions.MessageLoopAsync: Polling on remoteEndPoint: 127.0.0.1:49937 localEndPoint: 127.0.0.1:49936
TpTrace Verbose: 0 : 8484, 13, 2021/08/19, 10:52:57.031, 12684535121896, vstest.console.dll, TcpClientExtensions.MessageLoopAsync: NotifyDataAvailable remoteEndPoint: 127.0.0.1:49937 localEndPoint: 127.0.0.1:49936
TpTrace Verbose: 0 : 8484, 13, 2021/08/19, 10:52:57.032, 12684535123322, vstest.console.dll, TestRequestSender.OnExecutionMessageReceived: Received message: {"Version":5,"MessageType":"TestSession.Message","Payload":{"MessageLevel":0,"Message":"[xUnit.net 00:00:03.01]   Finished:    Conversion.Tests"}}
TpTrace Verbose: 0 : 8484, 13, 2021/08/19, 10:52:57.032, 12684535126299, vstest.console.dll, TestRunRequest:SendTestRunMessage: Starting.
TpTrace Information: 0 : 8484, 13, 2021/08/19, 10:52:57.032, 12684535127310, vstest.console.dll, TestRunRequest:SendTestRunMessage: Completed.
TpTrace Verbose: 0 : 8484, 13, 2021/08/19, 10:52:57.032, 12684535127987, vstest.console.dll, TcpClientExtensions.MessageLoopAsync: Polling on remoteEndPoint: 127.0.0.1:49937 localEndPoint: 127.0.0.1:49936
TpTrace Verbose: 0 : 8484, 13, 2021/08/19, 10:52:57.056, 12684535370629, vstest.console.dll, TcpClientExtensions.MessageLoopAsync: NotifyDataAvailable remoteEndPoint: 127.0.0.1:49937 localEndPoint: 127.0.0.1:49936
TpTrace Verbose: 0 : 8484, 13, 2021/08/19, 10:52:57.057, 12684535376080, vstest.console.dll, TestRequestSender.OnExecutionMessageReceived: Received message: {"Version":5,"MessageType":"TestExecution.Completed","Payload":{"TestRunCompleteArgs":{"TestRunStatistics":{"ExecutedTests":14,"Stats":{"Passed":8,"Failed":6}},"IsCanceled":false,"IsAborted":false,"Error":null,"AttachmentSets":[],"ElapsedTimeInRunningTests":"00:00:03.0361390","Metrics":{}},"LastRunTests":{"NewTestResults":[{"TestCase":{"Id":"d2d0bac9-f31a-46e8-ddc6-b82b00d41387","FullyQualifiedName":"Conversion.Tests.ConversionUtilityTests.CannotCallToSafeIntWithInputAndDefaultValueWithInvalidInput","DisplayName":"Conversion.Tests.ConversionUtilityTests.CannotCallToSafeIntWithInputAndDefaultValueWithInvalidInput(value: \"\")","ExecutorUri":"executor://xunit/VsTestRunner2/netcoreapp","Source":"E:\\.Net Workspace\\Koch\\Conversion\\Conversion.Tests\\bin\\Debug\\netcoreapp3.1\\fine-code-coverage\\build-output\\Conversion.Tests.dll","CodeFilePath":null,"LineNumber":0,"Properties":[]},"Attachments":[],"Outcome":2,"ErrorMessage":"Assert.Throws() Failure\r\nExpected: typeof(System.ArgumentNullException)\r\nActual:   (No exception was thrown)","ErrorStackTrace":"   at Conversion.Tests.ConversionUtilityTests.CannotCallToSafeIntWithInputAndDefaultValueWithInvalidInput(String value) in E:\\.Net Workspace\\Koch\\Conversion\\Conversion.Tests\\ConversionUtilityTests.cs:line 41","DisplayName":"Conversion.Tests.ConversionUtilityTests.CannotCallToSafeIntWithInputAndDefaultValueWithInvalidInput(value: \"\")","Messages":[],"ComputerName":"LAPTOP-BDVGEQAL","Duration":"00:00:00.0003120","StartTime":"2021-08-19T05:22:56.9865049+00:00","EndTime":"2021-08-19T05:22:56.9865079+00:00","Properties":[]},{"TestCase":{"Id":"6e971767-3cdc-45b8-2334-3167abddd060","FullyQualifiedName":"Conversion.Tests.ConversionUtilityTests.CannotCallToSafeIntWithInputWithInvalidInput","DisplayName":"Conversion.Tests.ConversionUtilityTests.CannotCallToSafeIntWithInputWithInvalidInput(value: \"\")","ExecutorUri":"executor://xunit/VsTestRunner2/netcoreapp","Source":"E:\\.Net Workspace\\Koch\\Conversion\\Conversion.Tests\\bin\\Debug\\netcoreapp3.1\\fine-code-coverage\\build-output\\Conversion.Tests.dll","CodeFilePath":null,"LineNumber":0,"Properties":[]},"Attachments":[],"Outcome":2,"ErrorMessage":"Assert.Throws() Failure\r\nExpected: typeof(System.ArgumentNullException)\r\nActual:   (No exception was thrown)","ErrorStackTrace":"   at Conversion.Tests.ConversionUtilityTests.CannotCallToSafeIntWithInputWithInvalidInput(String value) in E:\\.Net Workspace\\Koch\\Conversion\\Conversion.Tests\\ConversionUtilityTests.cs:line 23","DisplayName":"Conversion.Tests.ConversionUtilityTests.CannotCallToSafeIntWithInputWithInvalidInput(value: \"\")","Messages":[],"ComputerName":"LAPTOP-BDVGEQAL","Duration":"00:00:00.0006059","StartTime":"2021-08-19T05:22:56.9936692+00:00","EndTime":"2021-08-19T05:22:56.9936722+00:00","Properties":[]},{"TestCase":{"Id":"da1ad730-0505-3ab5-306a-b7a20c6a11d9","FullyQualifiedName":"Conversion.Tests.ConversionUtilityTests.CannotCallToSafeIntWithInputWithInvalidInput","DisplayName":"Conversion.Tests.ConversionUtilityTests.CannotCallToSafeIntWithInputWithInvalidInput(value: \"   \")","ExecutorUri":"executor://xunit/VsTestRunner2/netcoreapp","Source":"E:\\.Net Workspace\\Koch\\Conversion\\Conversion.Tests\\bin\\Debug\\netcoreapp3.1\\fine-code-coverage\\build-output\\Conversion.Tests.dll","CodeFilePath":null,"LineNumber":0,"Properties":[]},"Attachments":[],"Outcome":2,"ErrorMessage":"Assert.Throws() Failure\r\nExpected: typeof(System.ArgumentNullException)\r\nActual:   (No exception was thrown)","ErrorStackTrace":"   at Conversion.Tests.ConversionUtilityTests.CannotCallToSafeIntWithInputWithInvalidInput(String value) in E:\\.Net Workspace\\Koch\\Conversion\\Conversion.Tests\\ConversionUtilityTests.cs:line 23","DisplayName":"Conversion.Tests.ConversionUtilityTests.CannotCallToSafeIntWithInputWithInvalidInput(value: \"   \")","Messages":[],"ComputerName":"LAPTOP-BDVGEQAL","Duration":"00:00:00.0002027","StartTime":"2021-08-19T05:22:57.000775+00:00","EndTime":"2021-08-19T05:22:57.0007775+00:00","Properties":[]},{"TestCase":{"Id":"f0d542b7-a0e3-930c-1303-f17078ab0939","FullyQualifiedName":"Conversion.Tests.ConversionUtilityTests.CannotCallToSafeIntWithInputWithInvalidInput","DisplayName":"Conversion.Tests.ConversionUtilityTests.CannotCallToSafeIntWithInputWithInvalidInput(value: null)","ExecutorUri":"executor://xunit/VsTestRunner2/netcoreapp","Source":"E:\\.Net Workspace\\Koch\\Conversion\\Conversion.Tests\\bin\\Debug\\netcoreapp3.1\\fine-code-coverage\\build-output\\Conversion.Tests.dll","CodeFilePath":null,"LineNumber":0,"Properties":[]},"Attachments":[],"Outcome":2,"ErrorMessage":"Assert.Throws() Failure\r\nExpected: typeof(System.ArgumentNullException)\r\nActual:   (No exception was thrown)","ErrorStackTrace":"   at Conversion.Tests.ConversionUtilityTests.CannotCallToSafeIntWithInputWithInvalidInput(String value) in E:\\.Net Workspace\\Koch\\Conversion\\Conversion.Tests\\ConversionUtilityTests.cs:line 23","DisplayName":"Conversion.Tests.ConversionUtilityTests.CannotCallToSafeIntWithInputWithInvalidInput(value: null)","Messages":[],"ComputerName":"LAPTOP-BDVGEQAL","Duration":"00:00:00.0003477","StartTime":"2021-08-19T05:22:57.0118432+00:00","EndTime":"2021-08-19T05:22:57.0118459+00:00","Properties":[]},{"TestCase":{"Id":"b29dfa8b-609c-5832-823f-951b3aeeee94","FullyQualifiedName":"Conversion.Tests.ConversionUtilityTests.CanCallToSafeIntWithInput","DisplayName":"Conversion.Tests.ConversionUtilityTests.CanCallToSafeIntWithInput","ExecutorUri":"executor://xunit/VsTestRunner2/netcoreapp","Source":"E:\\.Net Workspace\\Koch\\Conversion\\Conversion.Tests\\bin\\Debug\\netcoreapp3.1\\fine-code-coverage\\build-output\\Conversion.Tests.dll","CodeFilePath":null,"LineNumber":0,"Properties":[]},"Attachments":[],"Outcome":1,"ErrorMessage":null,"ErrorStackTrace":null,"DisplayName":"Conversion.Tests.ConversionUtilityTests.CanCallToSafeIntWithInput","Messages":[],"ComputerName":"LAPTOP-BDVGEQAL","Duration":"00:00:00.0002142","StartTime":"2021-08-19T05:22:57.0157283+00:00","EndTime":"2021-08-19T05:22:57.0157315+00:00","Properties":[]}],"TestRunStatistics":{"ExecutedTests":14,"Stats":{"Passed":8,"Failed":6}},"ActiveTests":[]},"RunAttachments":[],"ExecutorUris":["executor://xunit/VsTestRunner2/netcoreapp"]}}
TpTrace Verbose: 0 : 8484, 13, 2021/08/19, 10:52:57.058, 12684535385355, vstest.console.dll, TestRequestSender.EndSession: Sending end session.
TpTrace Verbose: 0 : 8484, 13, 2021/08/19, 10:52:57.058, 12684535387708, vstest.console.dll, ProxyOperationManager.Close: waiting for test host to exit for 100 ms
TpTrace Warning: 0 : 8484, 6, 2021/08/19, 10:52:57.094, 12684535746115, vstest.console.dll, TestHostManagerCallbacks.ErrorReceivedCallback Test host standard error line: 
TpTrace Verbose: 0 : 8484, 7, 2021/08/19, 10:52:57.109, 12684535901365, vstest.console.dll, TestHostProvider.ExitCallBack: Host exited starting callback.
TpTrace Information: 0 : 8484, 7, 2021/08/19, 10:52:57.110, 12684535910234, vstest.console.dll, TestHostManagerCallbacks.ExitCallBack: Testhost processId: 22908 exited with exitcode: 0 error: ''
TpTrace Verbose: 0 : 8484, 7, 2021/08/19, 10:52:57.110, 12684535911403, vstest.console.dll, DotnetTestHostManager.OnHostExited: invoking OnHostExited callback
TpTrace Verbose: 0 : 8484, 7, 2021/08/19, 10:52:57.110, 12684535912463, vstest.console.dll, CrossPlatEngine.TestHostManagerHostExited: calling on client process exit callback.
TpTrace Information: 0 : 8484, 7, 2021/08/19, 10:52:57.111, 12684535913685, vstest.console.dll, TestRequestSender.OnClientProcessExit: Test host process exited. Standard error: 
TpTrace Warning: 0 : 8484, 13, 2021/08/19, 10:52:57.111, 12684535913731, vstest.console.dll, ProxyOperationManager: Timed out waiting for test host to exit. Will terminate process.
TpTrace Information: 0 : 8484, 7, 2021/08/19, 10:52:57.111, 12684535915430, vstest.console.dll, SocketServer.Stop: Stop server endPoint: 127.0.0.1:49936
TpTrace Information: 0 : 8484, 7, 2021/08/19, 10:52:57.111, 12684535917684, vstest.console.dll, SocketServer.Stop: Cancellation requested. Stopping message loop.
TpTrace Verbose: 0 : 8484, 13, 2021/08/19, 10:52:57.112, 12684535928763, vstest.console.dll, ProxyDataCollectionManager.InvokeDataCollectionServiceAction: Starting.
TpTrace Information: 0 : 8484, 13, 2021/08/19, 10:52:57.112, 12684535929806, vstest.console.dll, ProxyDataCollectionManager.AfterTestRunEnd: Get attachment set for datacollector processId: 8424 port: 49932
TpTrace Verbose: 0 : 8484, 13, 2021/08/19, 10:52:57.112, 12684535931173, vstest.console.dll, DataCollectionRequestSender.SendAfterTestRunStartAndGetResult : Send AfterTestRunEnd message with isCancelled: False
TpTrace Verbose: 0 : 8484, 13, 2021/08/19, 10:52:57.119, 12684536001174, vstest.console.dll, DataCollectionRequestSender.SendAfterTestRunStartAndGetResult : Received message: (DataCollection.AfterTestRunEndResult) -> {
  "AttachmentSets": [],
  "Metrics": {}
}
TpTrace Information: 0 : 8484, 13, 2021/08/19, 10:52:57.124, 12684536045648, vstest.console.dll, ProxyDataCollectionManager.InvokeDataCollectionServiceAction: Completed.
TpTrace Warning: 0 : 8484, 9, 2021/08/19, 10:52:57.128, 12684536085699, vstest.console.dll, DataCollectionLauncher.ErrorReceivedCallback datacollector standard error line: 
TpTrace Information: 0 : 8484, 7, 2021/08/19, 10:52:57.138, 12684536186095, vstest.console.dll, DataCollectionLauncher.ExitCallBack: Data collector exited with exitcode: 0 error: ''
TpTrace Verbose: 0 : 8484, 13, 2021/08/19, 10:52:57.174, 12684536547468, vstest.console.dll, TestRunRequest:SendTestRunStatsChange: Starting.
TpTrace Information: 0 : 8484, 13, 2021/08/19, 10:52:57.174, 12684536549489, vstest.console.dll, TestRunRequest:SendTestRunStatsChange: Completed.
TpTrace Verbose: 0 : 8484, 13, 2021/08/19, 10:52:57.175, 12684536555085, vstest.console.dll, ParallelProxyExecutionManager: HandlePartialRunComplete: Total completed clients = 1, Run complete = True, Run canceled: False.
TpTrace Verbose: 0 : 8484, 13, 2021/08/19, 10:52:57.219, 12684536997329, vstest.console.dll, TestRunRequest:TestRunComplete: Starting. IsAborted:False IsCanceled:False.
TpTrace Verbose: 0 : 8484, 13, 2021/08/19, 10:52:57.219, 12684537001174, vstest.console.dll, TestLoggerManager.HandleTestRunComplete: Ignoring as the object is disposed.
TpTrace Information: 0 : 8484, 13, 2021/08/19, 10:52:57.220, 12684537004717, vstest.console.dll, TestRunRequest:TestRunComplete: Completed.
TpTrace Verbose: 0 : 8484, 13, 2021/08/19, 10:52:57.220, 12684537005532, vstest.console.dll, TestRequestSender.SetOperationComplete: Setting operation complete.
TpTrace Verbose: 0 : 8484, 1, 2021/08/19, 10:52:57.220, 12684537005475, vstest.console.dll, TestRunRequest.Dispose: Starting.
TpTrace Information: 0 : 8484, 13, 2021/08/19, 10:52:57.220, 12684537006206, vstest.console.dll, SocketServer.Stop: Stop server endPoint: 127.0.0.1:49936
TpTrace Information: 0 : 8484, 1, 2021/08/19, 10:52:57.220, 12684537007531, vstest.console.dll, TestRunRequest.Dispose: Completed.
TpTrace Information: 0 : 8484, 13, 2021/08/19, 10:52:57.220, 12684537008453, vstest.console.dll, SocketServer.Stop: Cancellation requested. Stopping message loop.
TpTrace Information: 0 : 8484, 1, 2021/08/19, 10:52:57.220, 12684537009795, vstest.console.dll, TestRequestManager.RunTests: run tests completed.
TpTrace Information: 0 : 8484, 13, 2021/08/19, 10:52:57.220, 12684537011085, vstest.console.dll, SocketServer.PrivateStop: Stop server endPoint: 127.0.0.1:49936 error: 
TpTrace Information: 0 : 8484, 1, 2021/08/19, 10:52:57.221, 12684537013495, vstest.console.dll, RunTestsArgumentProcessor:Execute: Test run is completed.
TpTrace Verbose: 0 : 8484, 1, 2021/08/19, 10:52:57.221, 12684537016633, vstest.console.dll, Executor.Execute: Exiting with exit code of 1
TpTrace Verbose: 0 : 8484, 13, 2021/08/19, 10:52:57.222, 12684537024215, vstest.console.dll, LengthPrefixCommunicationChannel.Dispose: Dispose reader and writer.
TpTrace Information: 0 : 8484, 13, 2021/08/19, 10:52:57.222, 12684537025978, vstest.console.dll, SocketServer.Stop: Raise disconnected event endPoint: 127.0.0.1:49936 error: 
TpTrace Verbose: 0 : 8484, 13, 2021/08/19, 10:52:57.222, 12684537027447, vstest.console.dll, TestRequestSender: OnTestRunAbort: Operation is already complete. Skip error message.
TpTrace Verbose: 0 : 8484, 13, 2021/08/19, 10:52:57.222, 12684537028240, vstest.console.dll, TcpClientExtensions.MessageLoopAsync: exiting MessageLoopAsync remoteEndPoint: 127.0.0.1:49937 localEndPoint: 127.0.0.1:49936
